0
2 70 178
3 53 112 151
2 20 104
1 82
0
2 107 255
1 97
2 239 247
3 39 48 67
1 298
1 71
1 277
1 52
3 187 191 262
4 4 101 106 270
2 125 282
1 86
1 198
1 78
2 45 265
2 217 295
3 99 123 211
0
2 138 272
3 24 124 155
3 7 51 154
3 57 163 242
2 27 205
2 134 209
1 251
2 228 293
2 133 181
2 55 84
2 6 196
3 31 59 189
1 261
2 141 153
2 0 204
2 113 132
1 223
1 9
2 225 269
2 66 274
2 61 120
2 83 279
1 126
1 68
2 95 192
2 47 175
2 13 69
3 11 42 287
2 79 160
1 77
4 15 23 119 183
2 19 49
1 1
2 26 288
1 173
0
2 243 292
4 85 91 111 130
1 37
2 110 215
1 135
2 14 190
1 241
1 267
2 21 115
2 25 169
2 122 165
1 74
2 92 283
3 32 89 149
1 35
2 188 206
2 8 64
3 50 98 208
1 12
0
2 90 201
1 10
4 62 102 117 176
3 75 271 297
1 16
2 3 43
2 22 143
2 108 240
2 81 252
2 28 30
3 72 248 257
1 5
2 38 46
1 2
1 94
1 142
0
1 29
3 18 146 231
1 174
