59 2 173 214 308 412 463 466 510 549 582 602 621 720 766 788 889 912 982 1126 1141 1303 1413 1441 1491 1569 1635 1881 1995 2102 2119 2155 2158 2195 2314 2432 2459 2513 2533 2546 2753 2924 2998 3037 3226 3312 3476 3573 3628 3871 3873 3922 3924 3985 3999 4049 4155 4167 4243 4458
59 26 41 84 144 176 301 341 343 414 426 469 525 586 616 660 666 697 844 899 1087 1088 1090 1128 1134 1196 1266 1321 1336 1417 1513 1598 1618 1785 1867 1991 2123 2157 2199 2233 2366 2430 2639 2704 2762 2790 2880 2971 2972 3010 3069 3232 3281 3323 3380 3511 3660 3697 5882 6153
60 6 38 103 132 133 272 275 328 507 605 634 648 1070 1161 1384 1464 1562 1575 1612 1732 1996 2045 2130 2206 2410 2472 2510 2649 2652 2844 2854 2927 3013 3081 3196 3291 3307 3588 3693 3742 3910 3913 3916 3954 4011 4032 4216 4271 4287 4320 4366 4417 4420 4619 4943 5167 5254 5281 5988 7229
60 357 365 445 537 561 610 751 797 894 902 948 958 970 1056 1343 1400 1463 1584 1754 1902 1960 2006 2086 2191 2229 2280 2479 2497 2532 2617 2764 2959 3098 3108 3114 3213 3344 3350 3356 3392 3597 3677 3754 3766 3783 3799 3852 3911 3919 3926 4202 4230 4237 4438 4576 4710 4742 4791 4812 4920
61 25 90 91 234 279 376 378 390 405 475 519 544 640 721 842 867 869 1005 1019 1047 1061 1109 1170 1184 1272 1390 1420 1503 1585 1682 1849 1940 1990 2005 2076 2178 2338 2424 2474 2587 2756 2846 2881 2921 2963 3088 3089 3127 3139 3254 3275 3398 3399 3524 3645 3735 3762 3972 4427 5129 6866
63 19 140 236 318 423 571 624 699 756 758 827 861 979 1037 1041 1132 1449 1523 1677 1742 1772 1814 1893 1937 1978 2041 2048 2074 2136 2185 2271 2465 2519 2531 2535 2537 2603 2674 2804 2807 2906 2999 3026 3044 3148 3507 3526 3563 3688 3843 3891 4121 4244 4298 4300 4305 4325 4340 4422 4874 5015 5201 6649
56 102 313 335 401 485 639 651 679 760 956 1053 1073 1095 1103 1138 1169 1179 1271 1349 1405 1479 1540 1780 1786 1796 1872 1930 1941 2002 2075 2213 2242 2291 2294 2429 2485 2486 2491 2504 2521 2655 2669 2894 2919 2958 3216 3353 3402 3424 3502 3707 3785 3875 3980 4047 4819
60 46 147 250 252 377 447 503 518 764 819 871 960 967 983 995 1060 1063 1301 1382 1436 1501 1538 1555 1641 1683 1714 1900 1912 2081 2083 2138 2162 2218 2220 2326 2362 2452 2563 2658 2662 2741 2902 2944 3230 3242 3279 3412 3565 3701 3724 3771 3772 3907 3951 3979 4014 4020 4107 4174 4591
65 17 58 160 222 360 441 444 462 502 513 521 536 547 597 627 845 923 924 1324 1341 1367 1410 1433 1477 1494 1498 1537 1546 1548 1566 1582 1658 1659 1818 1837 1894 1948 2027 2062 2267 2350 2450 2494 2544 2570 2691 2696 2763 3040 3100 3187 3209 3218 3283 3349 3413 3432 3461 3620 3668 3763 3806 4065 4066 8013
58 18 48 73 202 352 495 522 573 574 626 668 748 754 792 837 941 946 1031 1282 1319 1350 1375 1443 1459 1531 1564 1715 1726 1949 1970 2112 2124 2210 2217 2277 2292 2467 2588 2609 2760 2862 2876 2911 2962 3048 3055 3164 3173 3282 3284 3498 3567 3631 3632 3689 3765 3936 4201
60 53 134 161 312 381 443 497 599 617 891 985 1080 1159 1183 1197 1371 1480 1497 1611 1693 1716 1945 2000 2011 2044 2466 2483 2627 2770 3096 3103 3341 3374 3394 3478 3514 3546 3552 3675 3784 3803 3817 3829 3894 3915 3928 4352 4519 4571 4749 4752 4871 4944 4968 4974 5379 5415 5468 5742 6259
58 74 153 284 410 504 778 1076 1131 1149 1314 1442 1610 1620 1874 1876 1897 1904 1922 1924 1938 2040 2246 2286 2306 2571 2576 2633 2740 2819 3064 3066 3102 3129 3305 3319 3357 3434 3470 3554 3557 3593 3599 3662 3892 4175 4227 4262 4386 4402 4461 4507 4755 4769 4824 4826 4913 4924 4955
59 7 69 201 230 241 333 337 450 471 496 857 934 940 1039 1105 1115 1124 1192 1253 1437 1487 1544 1572 1579 1657 1668 1795 1865 1965 2293 2308 2311 2353 2369 2715 2731 2856 2984 3033 3061 3136 3147 3180 3183 3189 3221 3234 3355 3366 3503 3577 3613 3730 3734 3776 4178 4364 4504 4515
60 149 254 407 480 655 676 723 928 990 1022 1033 1340 1447 1536 1557 1730 1875 1951 1969 2244 2309 2327 2509 2611 2855 2960 2980 3128 3178 3338 3438 3447 3463 3580 3656 3698 3715 3889 4139 4278 4428 4642 4654 4782 4845 5028 5042 5184 5320 5396 5472 5493 5639 5978 6037 6050 6195 6273 6385 9416
58 246 311 433 489 515 516 698 725 770 800 881 887 955 1130 1245 1255 1401 1476 1589 1592 1654 1702 1704 1710 1804 1882 1903 2255 2358 2470 2508 2592 2751 2778 2792 2879 2935 3027 3159 3184 3188 3264 3436 3506 3590 3601 3606 3676 3794 3931 3958 4081 4084 4194 4308 4368 4901 5786
64 168 229 263 273 296 303 431 461 483 911 989 1028 1163 1166 1204 1239 1318 1348 1526 1565 1646 1750 1873 2015 2037 2046 2051 2272 2300 2365 2387 2469 2511 2579 2771 2908 2974 2992 3172 3191 3203 3328 3381 3485 3504 3564 3605 3683 3696 3752 3786 3807 3847 3923 3945 4136 4259 4301 4467 4592 4701 4822 4833 8113
59 8 24 88 209 470 482 630 718 775 972 993 994 1021 1055 1223 1228 1289 1294 1545 1602 1694 1815 1919 2068 2548 2551 2595 2673 2718 2853 2867 2970 3057 3059 3166 3297 3310 3334 3372 3457 3475 3545 3691 3743 4019 4041 4068 4248 4339 4414 4442 4525 4632 4680 4705 4800 4865 5794 7137
60 16 75 122 150 434 446 449 577 578 583 633 637 932 1158 1164 1357 1650 1665 1734 1751 1790 1931 1939 1971 2050 2054 2070 2226 2254 2322 2331 2363 2388 2453 2578 2589 2620 2621 2698 2769 2847 2869 3005 3063 3065 3087 3118 3272 3327 3354 3455 3517 3518 3770 3796 3805 3940 4214 4367 5666
55 157 317 395 906 949 988 1010 1219 1365 1369 1372 1381 1428 1439 1452 1519 1521 1586 1606 1723 1864 1964 2009 2132 2281 2471 2619 2688 2758 2877 2887 2896 2949 2979 3001 3095 3112 3163 3224 3340 3385 3408 3516 3619 3828 3851 3937 4055 4100 4172 4324 4346 4421 4495 4686
63 127 373 418 428 587 870 1054 1264 1316 1362 1520 1580 1603 1624 1733 1802 1850 1910 2029 2109 2184 2194 2197 2417 2444 2496 2506 2622 2654 2656 2670 2797 2803 2852 3023 3110 3303 3318 3393 3443 3598 3686 3694 3821 3872 3899 3974 4018 4542 4607 4803 4805 4963 5164 5169 5234 5264 5267 5605 5682 5687 5792 5930
60 4 37 42 130 175 285 347 354 364 473 476 500 649 687 791 854 920 996 997 1040 1082 1086 1102 1108 1202 1394 1418 1539 1649 1697 1707 1743 1760 1783 1808 1851 2065 2082 2100 2211 2323 2360 2407 2447 2699 2721 2722 2780 3041 3269 3448 3611 3635 3925 4026 4091 4113 4239 4261 4379
62 0 9 63 98 350 382 448 454 479 643 706 863 883 969 992 1008 1136 1280 1344 1474 1481 1484 1542 1637 1699 1739 1988 2033 2118 2137 2207 2266 2368 2373 2400 2438 2477 2739 2840 2941 2976 3014 3029 3084 3280 3286 3346 3441 3528 3624 3625 3663 3682 3708 3775 3859 4263 4291 4415 4560 4660 4804
61 115 227 239 243 579 622 693 736 839 957 1144 1248 1263 1338 1445 1482 1632 1853 1994 2018 2111 2121 2125 2416 2460 2672 2700 2742 2796 2883 2903 2975 3079 3329 3345 3464 3555 3586 3623 3764 3810 3811 3887 3967 4016 4080 4158 4219 4303 4470 4728 4740 4887 4933 4972 5223 5367 5399 5491 5546 6007
58 141 145 213 421 656 836 873 963 966 999 1007 1067 1215 1334 1361 1364 1379 1478 1577 1617 1685 1782 1975 2022 2030 2056 2104 2156 2343 2396 2539 2580 2709 2720 2784 2817 2863 2915 3006 3106 3132 3222 3333 3375 3430 3630 3711 3780 3808 3943 3959 4205 4355 4357 4391 4512 4734 6892
62 233 299 316 322 494 628 745 815 816 1001 1119 1188 1200 1214 1230 1434 1454 1495 1506 1514 1581 1679 1731 1747 1974 2526 2569 2608 2653 2811 2914 2930 2978 2981 3085 3165 3182 3259 3377 3379 3466 3483 3666 3722 3779 3789 3920 3957 3971 3976 4021 4207 4413 4480 4603 4700 4714 4717 4741 4888 5176 5273
60 92 225 557 781 790 825 833 900 908 1029 1078 1191 1275 1522 1568 1722 1798 1906 1911 2008 2067 2168 2232 2278 2283 2435 2568 2702 2805 2829 2857 2872 2909 2925 2986 3035 3070 3077 3142 3156 3261 3289 3306 3315 3387 3418 3445 3519 3543 3670 3706 3726 3809 3856 3862 3935 3966 4253 4675 5291
57 57 76 125 166 339 432 508 563 717 741 750 826 852 875 986 1046 1153 1155 1157 1240 1244 1278 1848 1860 2016 2108 2114 2176 2253 2297 2320 2336 2342 2558 2572 2832 2917 3060 3115 3211 3308 3332 3373 3459 3576 3732 3798 3823 3835 3884 3929 3981 4054 4351 4516 4681 5292
64 224 295 370 375 411 675 905 1032 1107 1281 1325 1374 1411 1642 1643 1678 1686 1720 1767 1847 1928 1972 2140 2404 2528 2560 2641 2667 2767 3167 3240 3270 3383 3530 3728 3737 3781 4102 4222 4281 4327 4392 4522 4617 4621 4648 4767 4859 5048 5122 5219 5235 5263 5294 5297 5299 5398 5400 5406 5422 5477 5661 6242 8722
70 66 117 262 302 362 391 585 712 714 744 918 991 1062 1237 1276 1553 1721 1781 1810 1844 1856 1896 2010 2063 2139 2303 2313 2364 2555 2562 2642 2701 2746 2791 2800 2820 2997 3054 3058 3456 3515 3548 3673 3710 3751 3844 3855 3876 3990 3995 4067 4074 4076 4161 4266 4318 4378 4676 4750 4760 4834 4835 5027 5105 5117 5134 5247 5448 5746 8586
62 45 348 351 356 474 690 705 727 757 855 856 1036 1110 1218 1260 1351 1438 1644 1691 1727 1838 1944 2035 2036 2039 2166 2260 2318 2382 2392 2523 2638 2668 2748 2776 2808 2886 2990 3042 3068 3078 3155 3262 3277 3371 3520 3523 3525 3551 3616 3709 3778 3953 3989 4037 4059 4130 4280 4289 4323 4360 5514
59 126 137 200 228 406 409 528 539 594 632 708 734 829 1035 1207 1221 1292 1425 1597 1605 1765 1809 1879 1901 2007 2049 2228 2333 2395 2448 2456 2559 2566 2585 2666 2749 2973 3137 3244 3246 3266 3339 3362 3654 3854 3950 3982 4283 4322 4408 4425 4526 4527 4547 4693 4809 4842 5537 7705
60 198 199 349 398 452 464 477 566 570 700 726 769 772 773 882 901 1038 1180 1189 1419 1467 1505 1601 1708 1764 1779 1979 2021 2147 2190 2356 2439 2473 2493 2516 2517 2534 2536 2719 2754 2787 2888 3198 3342 3578 3585 3665 3788 3795 4000 4087 4171 4304 4347 4462 4541 4551 4563 4639 4829
65 80 107 181 248 306 327 367 368 427 436 506 545 612 806 904 917 1043 1084 1243 1528 1532 1573 1648 1741 1890 1950 2131 2245 2249 2379 2397 2443 2599 2650 2705 2766 2828 2961 3149 3419 3482 3488 3584 3633 3658 3767 3845 3888 4106 4285 4405 4434 4460 4479 4484 4518 4597 4600 4721 4725 4746 4878 4936 5067 5967
60 35 67 152 169 244 325 437 796 864 865 1003 1065 1140 1203 1241 1290 1363 1373 2106 2215 2415 2422 2425 2442 2457 2463 2602 2643 2681 2707 2710 3050 3092 3126 3199 3245 3265 3278 3388 3395 3425 3484 3609 3639 3651 3714 3720 3791 3802 3846 3918 4002 4196 4326 4359 4401 4496 4671 4790 5002
61 109 186 189 211 238 695 761 859 1471 1554 1915 1920 2329 2482 2665 2677 2725 2821 3138 3175 3300 3643 3759 3793 3813 3897 3927 3930 3947 3956 4017 4023 4069 4075 4098 4120 4443 4501 4599 4662 4862 4930 4935 5081 5152 5196 5240 5357 5482 5698 5722 5733 5813 5836 5874 5884 6140 6241 6319 6653 9034
62 104 190 514 560 581 644 657 777 860 893 943 1081 1083 1186 1300 1432 1534 1631 1769 1813 1820 1918 2089 2099 2146 2264 2299 2389 2426 2462 2487 2713 2825 2905 2913 2916 2956 2985 3016 3072 3150 3252 3364 3472 3537 3602 3667 3815 3886 4164 4236 4240 4254 4546 4594 4668 4677 4708 4818 5076 5276 6894
58 40 78 208 220 247 290 425 913 927 937 1020 1120 1162 1370 1614 1621 1670 2014 2151 2401 2540 2547 2624 2648 2761 2816 2875 2895 2947 2952 3241 3253 3296 3369 3386 3471 3687 3731 3883 3946 3964 3986 4009 4099 4135 4245 4270 4448 4567 4601 4633 4763 4813 4836 4905 4992 5045 5114
58 94 203 280 517 565 576 584 598 611 686 743 818 1048 1222 1233 1383 1515 1516 1524 1590 1591 1599 1675 1757 1774 1817 1852 1899 1962 2090 2148 2152 2237 2346 2451 2686 2870 2882 2953 2968 3067 3201 3236 3255 3324 3384 3465 3721 3738 3825 3836 4012 4034 4105 4286 4418 4544 5005
61 129 345 358 403 556 661 759 765 888 1066 1074 1092 1133 1152 1174 1262 1279 1309 1489 1549 1595 1712 1744 1839 2093 2243 2375 2630 2703 2842 2849 2878 2904 2946 3000 3248 3249 3314 3348 3426 3454 3535 3566 3575 3646 3718 3750 3822 3842 3885 3896 4129 4169 4424 4454 4622 4674 4682 5102 6148 6537
62 29 123 171 196 408 543 707 713 733 795 847 926 1154 1205 1327 1360 1378 1472 1488 1500 1512 1556 1593 1763 1777 1830 1840 1878 1895 1963 1989 2164 2165 2186 2316 2390 2394 2411 2625 2777 2786 2841 2955 3090 3093 3144 3208 3363 3397 3400 3541 3568 3581 3672 3739 3749 3787 3853 3955 3962 4046 4104
62 56 68 71 163 212 232 323 332 338 363 534 603 674 694 732 753 858 886 953 1000 1018 1069 1113 1123 1389 1541 1547 1671 1797 1825 1829 2055 2116 2145 2179 2181 2208 2221 2258 2374 2431 2440 2618 2640 2682 2723 2810 2898 3119 3205 3225 3229 3414 3527 3661 3790 3831 3877 3952 3997 4089 5258
61 278 293 438 608 1178 1209 1254 1285 1761 1776 1789 1791 1801 1826 1854 1862 2259 2274 2285 2344 2514 2518 2575 2583 2612 2730 2734 2851 2922 3024 3039 3107 3123 3317 3358 3360 3497 3547 3589 3893 3901 3949 3961 4082 4115 4159 4490 4757 5087 5093 5101 5165 5285 5413 5426 5498 5528 5530 5618 5657 8138
63 34 54 61 72 95 184 219 265 291 392 429 546 572 600 607 658 671 730 801 813 824 1050 1143 1165 1391 1415 1451 1455 1508 1552 1588 1821 2001 2026 2059 2079 2080 2103 2169 2170 2352 2381 2403 2554 2564 2577 2752 2824 2835 2950 2977 3043 3075 3219 3233 3295 3401 3411 3490 3529 3824 4264 5336
62 120 131 195 255 320 413 606 670 776 954 978 1023 1211 1229 1256 1297 1406 1456 1502 1527 1529 1604 1622 1676 1738 1916 1929 2127 2203 2205 2240 2248 2315 2449 2481 2492 2507 2663 2714 2765 2834 2889 3238 3351 3422 3733 3874 4148 4215 4338 4663 4793 4860 4934 4947 5058 5124 5157 5213 5634 7517 7789
60 28 77 89 146 235 242 253 359 422 424 620 738 749 821 884 931 1097 1212 1261 1302 1322 1328 1492 1509 1559 1629 1711 1888 1933 2052 2141 2173 2538 2552 2565 2675 2684 2838 2929 2933 3056 3135 3212 3237 3440 3458 3614 3747 3838 3841 3900 3934 4143 4181 4242 4267 4319 4337 4789 5054
59 128 223 334 458 647 682 701 784 959 974 1172 1176 1246 1718 1822 1887 1927 1934 2094 2231 2295 2340 2391 2406 2480 2584 2605 2788 3062 3157 3309 3487 3553 3591 3629 3664 3761 3774 3812 4133 4226 4241 4257 4451 4537 4593 4649 4985 4993 5082 5089 5195 5323 5490 5499 5510 5545 5630 6238
58 99 110 258 439 631 794 799 817 831 1177 1252 1345 1448 1623 1770 1803 1805 1823 1841 1936 2043 2192 2441 2505 2693 2711 2926 3049 3140 3227 3267 3322 3336 3390 3396 3406 3559 3582 3604 3650 3744 3745 3755 3830 3849 3879 3882 4057 4093 4127 4200 4697 4722 4856 4875 4964 5957 7393
61 108 191 298 397 468 552 680 685 711 768 885 951 971 1101 1347 1422 1466 1560 1574 1587 1626 1627 1673 1917 1923 1947 1959 2113 2122 2222 2317 2355 2427 2512 2520 2545 2573 2593 2694 2727 2772 2822 3007 3034 3038 3046 3121 3134 3174 3367 3404 3409 3428 3474 3479 3496 3538 3569 3571 3681 4043
61 70 162 256 501 689 710 715 848 909 915 933 1004 1122 1224 1269 1274 1399 1412 1645 1664 1700 1713 1871 2204 2330 2383 2428 2581 2614 2678 2685 2692 2724 2818 2871 2901 2987 3019 3104 3177 3220 3368 3433 3558 3587 3621 3684 3723 3991 3996 4015 4092 4430 4494 4550 4704 4711 4729 4844 4903 5001
62 32 59 93 97 372 541 665 802 880 895 1051 1291 1342 1356 1402 1444 1698 1842 1869 1977 1998 2241 2265 2273 2279 2321 2348 2359 2712 2884 3099 3151 3274 3431 3469 3509 3659 3690 3736 3903 4111 4145 4183 4212 4272 4275 4288 4290 4321 4382 4393 4500 4585 4692 4733 4754 4917 5038 5062 5177 5659 9483
60 10 151 292 353 460 542 589 662 683 696 774 947 1135 1305 1533 1660 1663 1674 1729 1828 1846 1880 1908 1999 2230 2275 2337 2500 2522 2557 2606 2645 2782 3036 3111 3160 3176 3403 3405 3439 3536 3820 4024 4070 4088 4110 4125 4179 4203 4233 4350 4371 4449 4552 4573 4588 4655 4724 4940 5014
60 112 139 281 491 511 530 613 618 677 681 719 755 841 862 1235 1238 1270 1287 1339 1358 1473 1518 1690 1737 1749 1855 1968 2057 2066 2095 2133 2142 2182 2420 2434 2495 2659 2683 2717 2728 2733 2750 2823 2934 3004 3453 3508 3642 3748 4056 4072 4452 4528 4554 4652 4656 4657 4751 4820 5187
58 21 62 138 194 226 261 399 456 459 533 601 779 853 1071 1112 1296 1330 1483 1771 1863 1868 1967 1992 2003 2212 2335 2361 2398 2408 2591 2613 2615 2634 2813 2907 2940 2994 3003 3020 3131 3153 3186 3437 3638 4187 4394 4446 4472 4477 4520 4549 4562 4565 4780 4890 4910 4962 9320
63 5 111 159 310 329 330 440 453 580 737 868 874 890 925 930 1171 1195 1250 1286 1525 1543 1561 1705 1719 1806 1943 1958 1987 2020 2128 2143 2174 2251 2296 2354 2413 2418 2419 2690 2743 2812 2936 2957 3091 3145 3192 3290 3298 3299 3719 3840 3890 3939 3963 4036 4085 4119 4141 4435 4524 4645 4758 7069
59 3 100 245 259 277 344 415 420 551 554 595 724 944 976 1013 1299 1431 1453 1558 1633 1688 1811 1961 2096 2105 2126 2189 2200 2262 2268 2328 2502 2529 2610 2632 2798 2928 3011 3169 3185 3223 3491 3522 3561 3741 3818 3826 3878 4051 4184 4292 4432 4513 4635 4646 4761 4764 5036 5549
60 52 192 249 260 361 498 767 793 877 916 975 1145 1210 1242 1311 1320 1366 1397 1435 1615 1745 1807 1892 1935 2110 2304 2501 2626 2628 2647 2806 2837 2954 3120 3181 3217 3228 3533 3556 3644 4061 4149 4345 4388 4404 4445 4631 4638 4759 4848 4869 4879 4896 4907 5380 5453 5497 5502 5550 6753
58 83 113 118 178 205 336 396 465 505 520 553 625 635 673 740 762 783 805 834 892 929 964 1006 1044 1094 1111 1208 1258 1284 1317 1398 1460 1640 1701 1736 1778 1859 1877 1982 1984 2004 2023 2129 2188 2196 2201 2288 2347 2598 2631 2789 2969 2983 3028 3031 3074 3101 4854
61 30 136 286 486 487 559 663 672 747 782 849 896 987 1332 1359 1517 1666 1695 1717 1787 1812 1983 2175 2223 2302 2454 2747 2845 2910 2945 3045 3288 3427 3603 3607 3615 3699 3702 3865 3866 3932 4001 4073 4142 4188 4247 4396 4581 4612 4618 4864 4877 5026 5074 5099 5222 5230 5326 5342 5577 6662
58 143 164 269 294 326 342 388 435 472 527 532 538 548 592 659 691 746 809 820 1034 1100 1142 1226 1231 1259 1273 1353 1396 1429 1510 1594 1689 1756 1886 1909 1980 1993 2047 2092 2214 2357 2405 2414 2646 2768 2799 2873 3168 3210 3235 3325 3489 3540 3560 3652 3692 4030 4306
62 50 187 237 276 389 393 419 509 575 645 664 709 808 866 1045 1079 1190 1267 1377 1380 1393 1440 1493 1511 1607 1661 1724 1836 1858 2085 2087 2097 2107 2159 2209 2247 2261 2332 2378 2423 2744 2802 2848 3002 3161 3263 3382 3415 3417 3486 3510 3583 3618 3800 3827 4007 4025 4311 4361 4363 4433 5699
61 64 193 197 271 309 394 531 568 609 619 722 785 872 1002 1075 1257 1387 1486 1563 1696 1759 1799 1816 1827 2310 2498 2660 2745 2775 2795 2861 2891 2900 2996 3051 3130 3133 3141 3276 3311 3435 3473 3492 3534 3542 3626 3648 3746 3768 3816 3832 4010 4022 4079 4132 4210 4252 4294 4314 4580 9395
57 49 55 85 319 524 945 1042 1058 1085 1089 1232 1293 1308 1499 1535 1583 1672 1784 1884 1954 1957 2013 2060 2135 2219 2236 2574 2716 2738 2827 2991 3012 3018 3086 3243 3258 3287 3446 3451 3600 3608 3653 3655 3679 3756 4157 4199 4333 4419 4471 4590 4650 4997 5209 5443 5691 5816
58 11 135 148 156 257 270 457 567 604 652 731 735 803 938 968 1011 1148 1167 1234 1333 1354 1385 1392 1507 1571 1656 1725 1794 1857 1986 2042 2061 2069 2150 2227 2276 2393 2525 2527 2607 2661 2676 2695 2697 2708 2836 2858 2892 2912 2932 3105 3207 3313 3359 3480 3579 3678 4128
58 43 47 60 174 215 251 404 430 467 558 641 716 950 980 1024 1064 1072 1160 1201 1227 1288 1376 1490 1628 1775 1883 1985 2289 2384 2399 2478 2597 2629 2735 2859 2942 2965 3080 3083 3117 3143 3214 3285 3462 3574 3657 3680 3716 3727 3921 3948 3968 3970 3984 4109 4118 4126 4727
64 12 116 216 369 615 851 1098 1217 1323 1450 1625 1740 1752 1833 2053 2073 2464 2499 2530 2549 2582 2600 2616 2679 2706 2885 2920 2993 3021 3022 3179 3352 3389 3549 3592 3777 3905 3933 3977 4003 4044 4062 4138 4146 4232 4273 4331 4468 4540 4598 4712 4723 4753 4966 5013 5052 5069 5204 5242 5458 5623 5647 6483 7647
63 22 23 114 155 179 207 297 346 492 540 555 591 623 636 642 939 965 1077 1125 1129 1146 1426 1609 1636 1681 1788 1952 2019 2058 2064 2071 2144 2250 2263 2282 2334 2468 2490 2794 2951 2995 3025 3292 3378 3407 3495 3499 3505 3531 3550 3636 3695 3819 3993 4005 4013 4134 4191 4299 4389 4431 4483 4572
58 240 274 314 400 484 704 962 973 1012 1181 1249 1755 1905 1926 1953 2269 2298 2345 2372 2412 2446 2515 2594 2755 2793 2809 2831 2850 2890 2893 2967 3125 3247 3257 3320 3570 3712 3881 3912 4008 4035 4123 4198 4474 4489 4557 4558 4772 4891 5106 5153 5301 5304 5370 5475 5517 5519 7064
64 13 206 305 315 371 526 562 593 653 703 850 942 981 1059 1068 1137 1139 1199 1352 1355 1461 1485 1530 1550 1619 1680 1706 1800 2160 2436 2455 2524 2637 2671 2737 2815 2843 2899 3015 3017 3301 3316 3326 3501 3647 3814 3833 3867 3869 3906 4083 4124 4193 4209 4302 4315 4493 4644 5113 5284 5466 5547 5642 7300
61 39 124 264 385 451 523 763 879 1030 1091 1168 1213 1265 1304 1326 1346 1368 1403 1424 1596 1634 1639 1735 1766 1845 1889 2034 2077 2187 2319 2437 2781 2938 3047 3113 3204 3330 3410 3450 3725 3760 3880 3904 3908 3941 4163 4176 4206 4276 4282 4284 4412 4535 4545 4634 4658 4702 4736 4852 5191 7851
60 14 27 119 121 182 321 340 654 728 739 807 814 843 952 1117 1147 1185 1312 1608 1653 1746 1792 1832 1914 1981 2153 2161 2172 2180 2270 2458 2484 2541 2729 2948 3008 3032 3052 3170 3202 3206 3304 3521 3544 3562 3641 3717 3848 3960 3983 3988 4029 4050 4096 4217 4365 4385 4407 5845 8149
62 170 289 512 684 936 1014 1093 1096 1106 1151 1198 1283 1307 1329 1395 1421 1427 1567 1835 2312 2386 2488 2542 2623 2918 2931 3030 3171 3193 3365 3391 3421 3769 3804 3868 4027 4108 4117 4162 4279 4309 4564 4641 4774 4832 4839 4849 4996 5010 5120 5173 5236 5256 5260 5334 5354 5508 5600 5730 5735 5916 6202
59 154 185 324 380 455 493 569 828 835 1017 1121 1150 1220 1236 1315 1407 1408 1470 1762 1870 1921 1946 2307 2339 2367 2370 2421 2461 2475 2550 2687 2759 2943 2964 3076 3094 3449 4040 4131 4246 4310 4341 4348 4439 4459 4640 4690 4720 4765 5020 5079 5118 5170 5194 5225 5228 5251 5408 5575
65 1 51 86 204 307 374 417 650 688 729 798 830 897 935 1015 1016 1025 1225 1277 1337 1465 1578 1692 1768 1956 2224 2234 2257 2341 2635 2937 3053 3158 3194 3268 3423 3460 3637 3640 3703 3864 3917 3969 4077 4225 4349 4384 4455 4732 4739 4827 4906 5084 5139 5151 5286 5311 5321 5343 5601 5633 5729 5800 5855 7850
64 81 231 266 379 529 692 771 811 903 914 921 1027 1409 1475 1728 1793 1824 1891 1942 2091 2149 2163 2171 2183 2301 2349 2351 2402 2433 2596 2680 2774 2779 2866 2897 3122 3154 3162 3256 3331 3335 3343 3420 3429 3468 3494 3512 3837 3858 3902 4060 4185 4362 4426 4616 4628 4661 4691 4738 4914 4948 5338 5710 8369
62 96 172 180 304 614 752 787 846 878 910 919 1206 1430 1462 1576 1652 1667 1684 1925 2012 2028 2239 2256 2376 2377 2503 2553 2601 2732 2860 2966 3116 3124 3146 3215 3293 3294 3347 3627 3834 4114 4268 4342 4344 4390 4440 4475 4678 4698 4797 4880 4902 5060 5065 5171 5182 5218 5333 5361 5372 5395 5405
66 36 82 105 167 210 282 366 490 629 702 804 822 840 922 961 1009 1099 1251 1298 1600 1613 1630 1638 1709 1819 1976 2032 2084 2117 2193 2216 2225 2385 2657 2664 2689 2726 2814 2868 2923 3073 3239 3481 3674 3753 3773 3895 3909 3994 4045 4095 4307 4488 4491 4735 4779 4866 5007 5125 5307 5309 5325 5328 5439 5450 6595
60 20 33 44 87 101 142 300 588 596 669 977 984 1049 1114 1127 1386 1647 1703 1758 1966 2017 2038 2088 2177 2198 2202 2235 2371 2445 2476 2567 2651 2757 2801 2839 2874 2982 2988 3082 3200 3361 3376 3477 3532 3596 3740 3792 3801 3863 3978 4031 4042 4071 4249 4265 4334 4354 4372 4374 4699
62 106 165 283 287 355 386 590 646 667 812 998 1026 1175 1187 1216 1268 1306 1331 1388 1404 1414 1416 1446 1496 1504 1616 1662 1753 1773 1831 1834 1866 1932 2024 2025 2031 2115 2252 2324 2543 2561 2590 2736 2989 3071 3109 3190 3195 3197 3467 3622 3671 3685 3704 3898 3914 4063 4180 4182 4211 4373 6205
61 31 79 267 383 384 416 488 499 535 678 780 786 789 810 898 1052 1104 1295 1457 1458 1468 1469 1570 1861 1898 1907 1955 2238 2290 2325 2409 2489 2556 2644 2773 2785 2826 2830 2833 2864 2865 3009 3251 3302 3370 3416 3452 3617 3713 3782 3850 3861 3944 4090 4103 4137 4166 4192 4231 4238 4556
66 15 65 183 217 331 442 481 550 564 638 742 838 907 1057 1118 1173 1193 1194 1313 1423 1551 1651 1748 1843 1913 1997 2098 2101 2134 2154 2284 2287 2380 2586 2604 2783 3097 3321 3442 3444 3513 3595 3669 3700 4006 4038 4086 4144 4168 4260 4297 4330 4503 4523 4613 4807 4808 5004 5009 5061 5095 5259 5487 5531 5689 7080
63 158 177 188 218 221 268 288 387 402 478 823 832 876 1116 1156 1182 1247 1310 1335 1655 1669 1687 1885 1973 2072 2078 2120 2167 2305 2636 2939 3152 3273 3337 3973 4028 4039 4048 4097 4150 4165 4190 4312 4343 4410 4444 4498 4745 4810 4857 5012 5111 5233 5314 5364 5375 5421 5507 5527 5603 5615 5684 6480
