1 1015
2 798 2691
6 403 1504 543 3662 4393 2238
4 2859 1423 5276 7649
6 397 777 235 974 735 1022
4 502 4509 562 1087
7 372 152 2290 1603 3517 7740 8374
4 198 9390 432 2457
7 1045 274 806 2876 5542 8802 1698
6 5768 6315 1821 6964 7559 5750
2 1687 1887
5 168 977 2595 564 3883
3 1878 756 4042
7 528 2010 632 3273 900 3543 5046
4 162 299 488 1150
3 601 794 6242
9 448 3336 703 1358 848 5974 9931 7112 9918
5 67 1832 1654 1936 3478
8 423 1588 1792 9639 1316 1347 2624 3734
5 1743 104 3096 7696 3279
4 3412 1694 16 8980
2 925 722
3 6606 108 1951
6 126 2478 4210 2491 2985 4277
4 2853 8685 491 1633
4 984 81 4049 1001
5 206 2427 2219 1141 2243
4 257 1732 236 7953
7 248 249 2097 5275 1754 3048 747
6 4768 5832 2699 1174 9850 6919
5 6086 160 7304 6524 2114
4 567 122 783 4103
2 634 807
3 1131 593 2597
5 3163 4272 909 6960 4812
5 1859 4122 1574 2795 8364
2 1938 343
2 340 976
6 754 9312 2149 2650 1366 5361
7 92 434 547 2666 1812 3860 7115
7 482 439 776 2202 937 2203 9532
2 3711 805
6 326 138 2087 7059 3084 2224
5 568 1455 1477 2379 2586
7 581 914 850 1124 2529 1195 5647
4 301 535 3781 1230
7 2095 2909 356 333 2136 2096 3533
4 38 3033 431 6650
6 1591 2563 1572 2746 1683 4891
9 266 3026 578 282 2146 8230 4287 3744 7202
6 1787 8540 90 2215 5224 5443
2 35 89
5 2422 11 1229 2676 3514
2 6761 13
3 715 758 994
5 286 151 7617 8371 675
5 2936 451 4216 1156 5147
5 116 8499 746 3335 8453
8 208 294 689 2911 2757 5456 3519 5646
3 526 2251 70
2 2175 392
6 85 2994 4382 1167 8398 4813
3 625 1456 5841
3 3234 2093 3631
3 1753 370 2273
6 120 243 414 1909 1614 4296
7 2294 6289 1611 1162 1542 2870 6470
3 1375 430 3386
7 622 583 730 645 1155 1036 2172
2 386 2276
12 585 190 698 3761 1499 1031 4265 1596 2674 7185 5515 7223
4 213 748 931 1055
6 1535 904 6760 3627 7057 6944
4 592 8905 258 811
5 199 2030 955 3014 3838
7 273 2780 459 1979 561 3604 4338
6 4701 574 1712 4859 4180 6113
5 2268 256 2148 2271 3032
7 2433 8336 752 2306 9069 4077 6317
2 8174 144
5 5302 3144 3226 664 9909
4 920 2269 3324 2779
3 897 463 1439
4 1905 8625 308 6844
6 22 621 721 3243 3837 3928
4 220 418 36 5125
5 102 46 1092 858 1545
1 638
4 261 1070 1669 3097
6 640 657 542 827 9203 1472
3 818 8941 6191
3 107 2839 3984
2 1140 140
7 66 177 320 3115 2416 4918 2456
4 158 469 3656 1304
4 185 1329 3741 2019
2 382 492
5 42 195 1157 3745 8350
2 250 1865
2 2499 438
2 234 2897
1 180
6 400 1858 532 460 1662 5273
4 119 1160 1390 7133
5 61 1540 373 2730 2983
6 50 4650 2970 4522 5931 8535
3 125 371 398
3 339 424 710
6 2156 3507 2040 1715 639 2307
4 548 237 1841 8898
4 279 1987 8152 1966
6 695 283 4737 7390 6302 1645
1 1009
5 531 3277 28 764 1285
3 244 264 465
5 137 1393 1463 2487 3021
4 4333 1303 9290 4778
8 731 34 3244 335 2647 3797 6492 5508
7 128 483 1460 516 3595 7349 1619
4 52 2098 763 1758
3 385 2300 406
6 880 2437 6766 3600 1242 3983
7 1406 3194 3570 1448 2501 8013 4286
4 478 5144 1115 9329
5 3039 3359 7175 9088 99
2 3633 4
5 3854 4218 1526 915 3987
7 6999 470 3670 1241 2170 7281 4140
2 7950 1088
8 2455 1943 2829 4473 5128 8461 9099 4707
4 518 5438 1825 1082
3 101 1287 6676
3 114 648 4241
6 1748 322 851 2047 2878 9560
4 69 7358 2253 898
4 84 1040 1058 1558
3 135 3434 296
5 563 3545 6934 2046 5758
5 165 421 762 2606 8131
3 3153 1408 302
6 584 366 1262 1107 1103 2508
4 210 276 1813 391
6 720 1065 2868 1184 1663 4662
1 247
4 106 133 1204 170
4 65 702 251 757
5 859 45 1616 9206 246
4 1011 6084 2629 5926
5 2443 347 765 792 3313
4 1480 2125 1519 2163
5 544 953 2258 2786 7825
4 420 132 4545 795
7 1 242 359 1484 7487 4759 1581
7 1277 227 673 4193 2005 4861 2908
6 619 154 4631 1413 6311 1983
3 2820 602 2287
3 537 1956 631
5 2358 346 913 3107 3069
4 1259 604 3427 899
5 95 1136 637 1120 1652
6 3713 68 204 3950 1148 1191
6 490 600 1214 3978 1576 1306
7 98 671 633 1331 866 2325 3491
5 5728 2027 5454 411 5836
3 6539 630 7049
4 1286 4129 3886 1602
3 344 5232 472
4 184 4192 4174 9608
3 6889 644 86
4 525 8 840 5029
8 952 659 1071 1673 1462 3890 5817 3965
2 33 766
2 19 1212
2 814 1805
4 3 1892 447 737
1 6
6 275 495 917 5047 2847 2656
4 30 1249 329 5408
3 171 1808 401
6 696 369 3282 112 3241 3559
6 271 433 682 844 2298 9749
2 202 437
3 446 869 2134
7 1246 1101 1829 3109 5555 8923 3687
7 41 527 1691 2185 2073 4799 4047
6 549 1041 2186 3563 1704 3643
5 1749 404 1927 6817 5248
4 305 3128 9215 321
3 739 1731 3346
8 78 361 3223 1575 652 1868 4729 8008
6 272 863 4191 1108 4183 8424
5 23 1185 3576 2200 2609
4 5170 167 7828 7943
1 224
3 43 712 1118
3 647 911 1038
5 230 1442 362 5476 3589
3 975 981 4904
4 238 349 2100 3347
5 166 353 7100 598 7459
10 290 6104 1720 473 1145 3568 1485 4118 4425 4779
2 919 1006
4 64 5512 1080 2773
2 5 1134
5 207 416 466 2310 5571
5 4271 143 8251 8138 5855
4 83 838 1077 2208
4 336 269 667 8057
6 26 521 628 3378 4803 1247
3 6976 8684 31
5 450 738 96 5531 926
3 3820 706 690
6 76 936 1624 324 1354 3184
4 173 797 8939 3724
5 1197 1314 1661 2815 5362
1 240
3 3526 4741 443
4 281 653 2411 4592
4 2409 201 179 2441
4 175 2182 3417 4538
3 58 5436 8870
2 2953 20
2 1894 18
4 484 958 686 1139
7 200 1245 1346 3076 1385 7001 4319
4 74 725 1261 5720
7 21 1719 6675 1483 9417 4795 2623
5 2132 1302 2733 4308 5376
4 2188 2822 1158 1213
4 15 367 2564 1210
5 1682 331 6073 5592 1718
4 330 8738 3238 685
3 965 896 2117
4 744 1726 3229 5682
2 781 1300
4 2615 270 351 7814
4 9661 480 4519 5551
6 127 4075 2222 1091 7183 3400
7 608 134 4251 3094 1482 9690 7335
5 215 486 2165 1301 4348
5 319 2189 591 6853 2926
4 871 121 1468 2939
2 12 142
2 479 3140
6 1391 3158 4023 1659 228 1507
3 1760 2836 1014
1 317
6 545 1216 3350 2223 2322 8154
3 24 419 566
2 111 136
4 496 1744 4563 1728
3 364 1244 1705
1 218
3 260 1086 6870
4 3503 345 5037 1497
4 504 452 383 7906
2 2865 82
3 1292 829 3825
1 174
3 214 1699 3679
1 579
6 88 573 5048 197 796 5723
5 2144 4599 14 4683 6458
7 2333 3609 3448 577 8972 4341 7623
3 307 2770 2659
3 73 1356 1060
1 306
3 8669 654 1452
7 559 1096 1597 2262 2301 6322 3719
4 311 426 1570 3402
4 233 262 259 4057
4 1901 54 51 3618
3 836 603 2169
2 6600 314
5 124 1172 1149 5065 3043
4 130 2281 6364 2408
5 161 393 879 1479 2211
4 192 7996 729 1579
3 455 3780 828
3 2334 56 2221
4 2858 1173 1467 1312
5 405 787 5010 1043 1137
2 2591 357
5 1169 396 793 1898 2530
4 395 9067 2210 1488
4 1296 1730 429 3617
4 684 7723 2252 3134
2 856 1114
5 284 363 5414 436 1599
4 79 1379 3931 3255
7 267 471 5190 2002 5544 6702 8861
3 599 2554 1939
6 178 1953 3413 9854 2318 390
5 4402 4041 131 3871 7783
10 105 586 996 1083 2705 3206 4108 5432 3488 7509
7 580 552 714 1361 3019 988 7702
3 113 413 1403
1 181
3 613 1280 3528
3 2628 1084 3791
7 394 646 5117 727 6099 1881 1419
4 139 2880 1207 2818
5 32 1848 540 2289 2540
3 10 2617 231
4 596 944 1641 3204
7 670 3340 3389 5863 6506 7739 7586
7 222 740 5524 1906 1127 1801 6063
5 172 217 4678 569 4909
5 309 27 6074 3041 5964
4 2902 182 1425 8897
6 3010 63 226 2929 2094 5148
6 789 6490 8280 968 2521 5854
2 1446 327
4 957 1037 5896 2312
3 412 4790 616
7 1111 1820 4222 1432 1919 8626 9915
3 1002 1125 2509
3 1336 360 1923
4 571 7705 662 2410
5 17 289 1095 1972 587
4 556 555 5410 1226
6 29 93 800 1026 1133 3688
4 3698 3702 8893 176
6 100 4165 410 1288 4350 5504
3 6400 229 2671
4 118 784 1278 4133
4 506 4886 1377 2864
4 232 103 705 6434
1 464
6 1013 415 1861 4870 5138 5790
6 194 539 1851 1128 1279 4120
4 1740 4900 205 123
3 2579 148 6518
4 454 954 5150 4013
5 409 970 1478 1426 5538
6 115 711 1017 888 5130 1522
5 2890 1440 750 2879 1658
3 255 427 3093
3 742 1064 4160
2 378 641
3 189 875 1003
2 1976 0
5 2044 1187 2752 2103 5415
5 508 1322 3941 1085 5407
6 94 2704 1549 7290 4261 8607
5 2454 5119 71 3652 7252
7 1714 534 824 5127 4315 2259 3369
3 149 145 7789
5 1837 901 9 749 9831
4 55 72 9956 1295
2 40 295
4 1360 323 3035 790
5 2630 129 1094 9781 4865
3 1337 905 1343
6 211 355 6723 650 1293 7111
3 1487 44 3110
4 187 605 891 2658
4 5333 407 960 2794
6 1351 8676 1039 3162 7597 9793
3 49 1677 325
1 2053
6 1270 785 2069 6011 7008 6613
5 47 155 971 7338 6981
7 304 7718 1854 1696 5633 3703 9736
2 188 669
1 1510
3 37 4054 316
6 576 2707 1153 5044 5449 6342
3 80 835 804
6 565 887 983 3080 8517 9573
5 708 444 928 2843 4177
4 153 6022 623 1701
6 989 1056 1895 3792 2326 8363
5 5118 1089 1809 2610 8301
3 822 1052 906
5 1509 1443 876 2099 1996
5 288 334 9061 910 1653
1 626
4 1523 2469 9875 3812
3 511 1076 5253
2 611 59
1 939
3 5916 60 998
2 590 2627
6 553 985 701 2070 1495 3569
1 1569
5 53 75 1594 770 2130
5 512 7978 2367 4908 2877
2 312 1378
4 241 1928 2007 3458
4 9716 1161 5242 9792
5 501 517 1517 1547 1929
2 594 341
5 541 2 868 1931 8850
5 560 1622 1333 2064 3880
6 441 62 3189 3464 6051 7173
3 163 191 948
4 734 966 1093 3619
5 110 5884 3626 221 707
1 978
