1 3160
1 5954
1 2822
1 2921
1 5831
1 7136
1 3117
1 2820
1 9997
1 835
1 4506
1 7833
1 8450
1 2603
1 2854
1 2139
1 9670
1 1959
1 1785
1 2635
1 6933
1 5260
1 493
1 7590
1 333
1 2098
1 6261
1 7759
1 2734
1 6599
1 3060
1 2446
1 2234
1 5454
1 2922
1 2772
1 8033
1 8103
1 4172
1 5634
1 6428
1 7245
1 45
1 8854
1 2368
1 9475
1 5679
1 3042
1 1666
1 5266
1 6440
1 3039
1 6613
1 2440
1 6198
1 1434
1 1179
1 8019
1 156
1 6812
1 1711
1 1134
1 5876
1 1566
1 2758
1 5959
1 9151
1 5604
1 9861
1 4467
1 9832
1 9738
1 8725
1 2863
1 7080
1 3883
1 2150
1 691
1 7318
1 3516
1 5455
1 7678
1 389
1 6130
1 8980
1 2995
1 9058
1 9053
1 187
1 7643
1 3190
1 3183
1 4904
1 3425
1 2717
1 7849
1 6885
1 8232
1 9822
1 6340
1 6430
1 7851
1 3448
1 6056
1 8172
1 5371
1 2870
1 9145
1 2223
1 2584
1 5254
1 4114
1 6975
1 9141
1 6096
1 1111
1 3660
1 4891
1 7320
1 2600
1 295
1 9191
1 6781
1 3636
1 4967
1 3353
1 5482
1 3187
1 4611
1 2849
1 820
1 9581
1 8598
1 719
1 7138
1 9392
1 3016
1 6507
1 5588
1 5832
1 8141
1 9106
1 3249
1 681
1 2038
1 6570
1 327
1 9351
1 701
1 1826
1 3592
1 7674
1 5835
1 4115
1 586
1 3440
1 1408
1 7782
1 4182
1 7277
1 8044
1 3155
1 306
1 8078
1 8858
1 8544
1 3873
1 9601
1 3216
1 3491
1 1579
1 4523
1 4119
1 2586
1 9180
1 3831
1 3766
1 1813
13 3709 5939 3775 3937 1860 8083 4910 6283 1855 6444 6718 2049 5086
30 1999 929 7337 3492 6319 698 726 3361 7031 4458 1835 8540 3811 6351 1260 7728 5619 6658 5323 402 3619 9533 7880 8649 4758 5570 9308 1269 9500 8943
27 3922 286 5324 8492 5377 952 1076 4514 2608 250 7768 6547 4263 2763 1168 9979 2647 1544 2560 6426 2333 5385 6417 3880 2941 4837 1748
35 577 7186 3833 5771 2570 4400 4718 6016 2221 1612 9675 2541 3465 1132 2061 6276 4460 9529 9482 3392 7766 1524 5411 4092 4749 7288 7557 6321 4139 5758 3552 4645 2227 976 8705
33 8786 6461 4994 5115 5109 9273 9322 8108 62 5138 2536 5223 2274 2175 472 9910 5036 5584 5137 4511 8814 9217 3941 2671 7493 4120 7853 214 1720 4763 342 5630 329
45 6042 5756 8678 5069 6992 7335 2858 6030 7084 1380 8766 1913 6379 7286 9943 3203 4273 6470 3158 5012 6084 8309 1872 525 5322 1228 2548 4906 8015 7919 2032 9931 7558 3605 635 2231 1584 5927 7632 4159 7098 7821 8612 7971 155
39 7653 94 9662 3533 9685 9627 6504 4739 4587 5525 5022 9648 2574 2266 4264 8493 313 7955 8832 2465 7712 8142 4925 7258 557 7491 3897 5731 6302 7217 2929 8082 2272 1394 7507 8656 1065 5607 8071
42 8424 3991 8781 2512 6475 5537 2396 3623 8439 3411 784 6816 5912 9223 7441 4396 9889 1082 6531 9976 4941 1444 2116 1163 6878 6741 1068 9681 4378 1918 4522 2327 4648 2270 905 5841 7093 8662 8048 7819 921 5656
29 3875 6062 7421 1670 961 4715 4053 3537 8320 8494 794 8687 4559 521 8145 3488 6129 7344 6398 7233 9757 3409 9156 3408 490 7547 8863 3523 4024
44 526 9054 9038 4390 3312 4318 1983 4099 5522 7538 5163 4048 6218 3037 685 1839 4931 1242 2078 7334 8448 394 8661 133 1091 7973 522 751 5786 2237 6432 2979 7564 1511 299 3113 1341 9337 5602 8704 6805 1072 622 752
46 1808 6869 3238 7865 1095 9229 6710 3804 4231 8111 5296 3195 9848 530 1602 8150 5474 4497 8808 4612 2495 9309 2859 6406 3063 9344 8355 7126 2287 1819 183 7737 4847 2029 2625 348 4854 8059 7266 9605 9859 6560 7461 1857 8818 1869
34 9413 931 230 9035 3635 7104 7663 3502 4160 32 7893 278 1894 713 4230 5646 6453 6726 2945 1848 507 5340 8367 2750 1157 1355 4563 5518 2588 8451 8922 6355 9301 8690
12 5014 6556 3069 8215 7241 5283 5807 3787 5339 5785 8716 948
10 42 2085 9081 4786 2361 6243 1208 5765 5981 4042
7 1717 3050 4306 6225 6071 7204 6455
10 9168 2168 7580 4032 8809 5922 5088 5709 8188 5408
9 8220 5425 668 1274 3591 1658 520 6241 1479
6 9049 1241 7931 2947 1724 6593
8 3387 8237 8469 886 3255 4709 18 9924
13 7418 2914 5843 718 9233 9070 7373 5866 2210 1328 2905 1061 197
13 9159 3139 87 8238 3330 7068 5817 645 9016 3749 8209 4459 8846
18 4078 3181 9520 4003 9870 5578 2004 7924 9999 6528 122 3597 2377 1900 6366 7166 8987 9774
15 175 5336 49 3992 1810 7105 5906 8815 6789 6131 9840 4105 1001 764 5007
26 6423 5383 4808 4123 8641 1193 2513 9029 8482 8422 1537 1450 7783 3736 3980 8179 3369 7711 9710 9398 3328 5780 8353 4866 7654 5470
30 8995 3171 854 5658 1012 9267 8258 1215 6951 9877 5239 4541 8868 4513 4863 7814 9450 2812 8712 9041 4580 2501 1601 8105 8986 5257 836 6650 655 2804
29 207 1143 9492 9416 9751 930 8460 1098 6277 5601 4774 9434 2982 3869 631 9532 4982 9086 4336 894 1333 8658 8484 2123 3467 8402 3870 1235 6055
30 4935 3496 9236 4034 3291 6652 6535 2689 5793 6651 2686 1453 9469 180 2112 1075 1324 7954 1731 6838 7810 1634 6041 3289 2268 8487 5042 7568 5562 3570
31 9014 6543 336 9559 9754 9078 9808 3785 1986 5329 8616 4081 5487 7570 5468 827 4744 312 7644 6828 4840 3311 9904 7553 4890 1323 120 7903 1099 202 2367
29 2851 6257 271 4824 1890 7379 4953 1603 2415 7816 9793 2589 664 7912 5957 4618 2827 2733 7293 6899 3510 9476 8981 396 1672 6094 5915 6480 7471
33 102 1415 5077 3914 1465 7667 6389 3821 9658 3784 4898 560 2370 8352 7075 9323 1073 4086 6247 658 8212 9333 2190 7490 8535 3988 5711 7858 2571 2706 3168 2157 6804
29 78 2996 1113 8052 6925 2135 7721 2301 106 5496 5071 5781 7275 5913 9043 7844 264 1887 6621 1645 6505 7826 8825 4939 1979 9061 4155 9032 9724
35 4768 4796 6754 1051 6410 3036 7327 9439 6764 6163 4289 3794 7122 2887 1044 3415 8124 7778 2653 2447 6725 9597 9656 315 2392 2638 7463 7617 2779 7089 7966 4540 6217 5044 2149
35 7584 9446 8017 8438 6284 6000 6727 1904 9310 4194 6296 3336 6918 4882 1747 7300 1905 4761 6653 2216 588 4399 1116 3397 8280 4613 5359 5787 3719 3305 8683 6942 5836 5987 7502
33 9888 3860 7183 8324 7867 5574 2775 6411 8328 6215 4575 3304 7473 4401 3955 3368 6375 5426 2631 9683 4103 2602 763 9386 5203 3689 4426 3713 8777 2879 2678 3634 2288
31 9435 8246 5865 659 4529 5724 1229 4472 243 2207 9067 5064 1880 954 2464 9830 7834 9262 3433 5288 7504 1569 9298 2159 9503 4907 818 1615 4707 7533 7917
40 2209 1204 8205 8286 2012 9219 5585 7485 6622 1917 6274 5760 9149 3742 5327 2913 7340 8686 866 3514 3662 2972 9551 1058 8208 9142 2816 8030 708 6917 607 2072 4366 8567 6377 9349 8819 7364 7417 7690
40 1574 5703 3235 4751 4327 4436 5598 1123 7842 2920 1322 6744 4545 5343 8602 6586 8976 9218 7989 259 4943 1122 6170 5295 2379 6827 463 8086 1159 7198 5363 9603 2336 1583 5702 2627 5032 1010 8768 9307
41 4189 804 3632 8983 5206 1809 1505 3323 6912 4093 308 5742 7927 980 8486 3262 5304 5291 2705 6612 157 7831 3920 8578 9852 1613 1611 244 5179 8580 8181 4013 2162 2597 7486 3706 3237 3607 2616 845 5208
40 8946 750 8339 7329 1410 8833 5182 8526 2762 8264 1725 1219 9562 2050 301 5249 1303 4215 3028 2882 3137 131 8599 4557 6965 8113 9693 4429 6349 6514 9843 5544 6370 963 9335 2953 8219 8895 3038 6441
38 934 2648 3247 9568 598 2906 1631 6280 8417 8897 9939 9781 2892 1852 8391 2760 8191 1003 6429 382 3301 4538 1195 6326 705 6232 6035 4972 2277 5888 4537 9108 8647 3141 2721 9080 5029 75
47 7426 4581 2795 656 3099 1442 2535 8697 5051 2058 1131 3151 1433 720 219 8652 2011 39 1948 5720 4157 3963 5662 830 4118 285 4911 5103 5641 3140 2455 423 3655 2427 9557 3239 1474 5586 6974 4690 849 7652 8799 5666 9212 5723 5453
38 9189 5233 2069 5237 3201 9286 9967 768 393 1151 9880 3341 9231 7847 8067 4374 8189 115 7701 1968 6450 2077 3470 5531 4780 8563 2650 776 7945 7274 6852 7055 7228 5996 262 3173 8945 3386
41 1141 1387 1021 9304 2963 4219 1608 1220 5313 3731 320 4377 3647 252 2624 373 4533 8892 5905 3094 5027 1530 6545 2226 101 3960 2723 4861 9897 5891 7255 3032 1989 2729 2197 9025 7156 6842 4965 7272 7492
44 6229 4759 6265 3027 4214 3682 5171 2966 5102 6985 2375 184 1174 9954 789 8511 7071 9087 3631 6813 5828 855 1401 947 984 2278 2462 1169 834 6110 3007 967 5111 1357 7454 5824 7600 1841 7524 4490 5276 9003 561 8696
44 3153 1377 534 810 6699 5461 2239 8549 4639 851 7489 9393 2303 2132 1096 8330 3548 4136 865 7846 710 8807 3723 6439 6119 5541 8414 2806 8984 347 7669 366 6089 9377 1997 9342 4416 4798 1404 4026 4600 6435 2668 1911
43 4466 4830 8472 9361 4937 5516 5244 4250 7176 6566 4221 117 4348 8993 4500 9420 3925 7466 644 6367 225 9736 9256 6706 6539 6953 5573 424 4894 6043 2172 1078 6080 7465 1311 2063 6943 8081 2448 7968 6269 1738 8009
46 4052 8404 1312 2000 3260 8949 4777 6677 6211 7203 7359 8911 8645 200 1679 2802 3277 8222 8691 5108 1494 585 2372 1382 6644 3927 5001 2047 4865 3852 2592 9239 1729 2861 7444 160 8456 5776 6053 8527 7477 891 4224 5736 7362 3436
48 1048 2414 4303 1768 7014 429 1756 6237 979 4252 3091 8679 311 420 1032 5222 203 8623 1557 6997 310 3127 2019 628 3983 1070 2185 8860 5485 1117 6315 5186 1743 9846 7325 2073 4558 3070 5019 349 5016 2104 9934 6360 6008 870 9015 4915
47 2805 724 8121 4757 3919 9669 5117 1659 9915 1203 9456 2771 3299 8005 902 8458 8877 5592 6927 1389 7443 7312 3034 4167 2757 3047 2290 3068 2886 7225 9083 7956 2641 9938 9048 6066 1586 9948 9523 2618 6002 6932 9927 2441 2467 825 5707
51 3423 1660 4447 6720 9695 3575 9755 3866 3764 2746 3318 4323 7513 1735 2917 9314 1304 2230 4822 5964 7188 7370 6728 2463 1838 1461 5718 1598 2708 4525 4054 4035 524 3245 9614 853 2081 9062 9259 2117 4267 25 8522 5882 7478 9164 5621 1350 126 98 9741
52 6950 3968 27 4392 457 61 1590 1822 9095 8663 5867 6643 7110 9622 5457 9084 4889 8289 8013 5509 4047 4290 2184 1126 1701 6026 6156 2869 3961 8221 7803 6104 6962 6689 7133 7479 1379 8457 5421 9357 1514 3023 8308 1978 6251 3547 7677 3653 2306 1559 3829 7021
51 5919 7735 3628 2890 5721 108 3903 4480 9702 6563 8162 9629 2167 682 1542 134 9350 8322 5838 7190 991 4844 872 6310 832 8883 1142 4902 9047 8667 716 5554 9726 3142 2898 7716 4216 9114 3572 880 3066 1790 2962 5196 2828 6776 4714 6969 6625 5823 8385
52 1572 3265 2698 8383 9117 8073 5815 2037 3331 2013 5949 6868 1236 1592 9406 2489 3544 6675 5121 4684 4732 5701 2416 6386 6345 4128 9547 9616 5827 2727 7438 5098 1702 7624 807 104 6662 9305 6723 5932 8622 1686 856 3015 5459 8218 3308 6883 696 2249 6865 7534
53 6392 3562 436 5492 9202 1818 1976 5116 3177 5896 555 7061 1160 4550 5439 7202 204 4520 7522 9575 3817 6449 1034 7247 1103 6483 8550 96 1606 8401 887 2299 1471 4359 9005 7780 5893 3189 6642 6109 6420 6583 4038 6499 6713 2938 1705 1022 8941 7422 3554 1508 7207
58 4960 1938 9213 687 6935 3476 3950 4966 8261 404 7519 6005 1264 515 8726 9989 3528 6393 5274 7111 7390 5028 2799 8131 4243 6552 9187 9250 7005 6757 9177 4365 7515 8999 5199 303 6045 7003 2662 246 6346 8021 2347 7263 298 876 2109 7972 3111 9865 1396 6153 5256 4674 3826 3472 7908 6576
52 8097 3611 6488 8927 1924 8919 9632 4415 2930 7430 1760 8178 1009 8620 2021 437 1555 1207 4124 1092 4818 4101 9871 4658 5894 8426 3132 2981 8490 7184 8168 2219 2245 9717 536 500 8608 8703 3357 4528 8136 2529 8633 6659 5337 6832 3959 4827 1916 936 2634 9837
58 9371 9360 6152 5984 5908 7309 8120 8829 9129 2395 4355 2468 9665 385 2774 4672 4185 7680 6515 7670 4489 9917 4657 4375 5018 2520 2833 4546 8137 2845 99 9668 3287 775 6180 8757 2174 8054 6064 7640 6934 9493 7657 897 2784 8302 1685 8955 8810 6921 9347 2516 6496 7593 9403 5227 6164 4331
56 1769 3581 4949 9589 8177 8080 4067 2169 9073 4186 3898 2339 2992 132 8958 3335 8463 3430 4588 9885 9093 1683 1688 8369 2948 123 9490 6471 8901 3692 2949 7700 7750 471 6288 8304 2639 6604 5754 5623 5264 6733 2503 5184 4150 4593 9878 7807 6181 1263 1464 7801 1533 341 2611 519
62 152 1817 7175 5583 7496 8566 1499 3524 4622 629 6123 3346 5351 164 2748 9762 9990 6328 9436 2457 1431 1516 1899 3407 1988 2124 3435 2878 8332 3568 1856 3096 9252 1221 633 5958 3109 247 4572 3714 2696 4208 1902 9722 9205 3577 10 8648 7601 2559 2398 6356 1393 9613 5650 2959 9615 9580 9188 3188 4977 1154
60 660 5955 8440 4754 8977 5112 8049 8193 8584 6125 1133 2391 7944 7896 107 7392 926 739 6584 4055 3989 5530 8089 2325 2539 5497 5080 8509 4743 2615 1552 8095 4814 7626 1 7181 7476 7943 3263 3394 2742 9275 988 2575 2443 1500 6981 4733 5009 7289 6761 730 9099 5215 3652 8978 4962 6038 4712 8395
57 6808 4049 8364 5952 1807 8586 350 7026 1053 2555 215 3118 5166 4313 8239 2242 3651 1127 266 8476 5856 2931 5412 997 7007 9287 8038 3061 3461 9290 3853 4737 3567 904 8336 840 4475 1591 2580 1273 3738 8664 8354 8101 6801 783 6289 8542 1518 8018 4346 2357 6513 7850 9555 9404 7641
57 4071 7313 1573 811 7402 487 5669 5895 1049 4200 1985 6657 7361 8831 3103 7278 7316 5757 5975 1020 4241 7243 8859 6773 6085 71 600 9389 4748 965 920 7681 418 4106 1906 762 7425 9480 4719 5139 2871 9341 346 2934 5011 4409 9903 3752 3208 1958 5870 3979 6821 1136 4254 447 2980
56 6424 6891 3452 5595 5213 2205 1614 8053 9484 2166 4867 1093 216 7988 7393 8506 9660 8723 4542 9973 4833 7767 7939 5292 510 5579 9135 1873 9996 9712 7779 379 8139 3376 4836 4162 4860 5750 913 3969 3843 3924 8102 1110 8965 4908 1237 5813 5950 5918 7008 9866 8514 9109 2661 3708
59 5057 5030 4922 6683 9037 4503 3643 8003 170 1745 5968 6995 3680 6822 6262 6452 4858 1750 3297 7675 5862 2318 1519 6666 1694 9812 4687 9703 6456 4667 5847 6187 2817 8140 3753 1439 2315 7622 6758 5464 8269 3244 1803 2449 1334 7 3624 9379 8763 1874 9074 1728 1981 1361 5285 6823 9645 2810 8629
57 1587 4801 3720 405 4794 1285 5942 9891 1964 6790 3405 684 949 1055 8727 3669 5218 5875 7981 8642 5045 8224 5413 4544 7387 686 3290 9216 3095 2682 2428 844 1413 9312 2466 7206 6466 6760 4742 1563 3732 6132 8735 9574 1699 8075 3994 632 442 2885 6920 2942 448 2444 5365 9354 6065
59 5046 1187 7205 4236 5653 736 4217 422 4655 6421 9721 3443 7691 5170 6419 2194 1549 3212 2280 3743 9857 5169 741 9007 5259 7001 5122 4551 9707 7018 8610 8051 7159 3895 5806 5899 3790 8291 8199 6900 1970 5099 8930 9519 3750 9486 5657 9881 9953 1209 6059 1115 9828 9474 1079 282 9847 5392 7456
59 8849 9328 1831 6600 1037 3598 9804 2195 5456 5448 5705 4567 1674 7065 2450 7356 6436 7993 9220 2989 3565 7209 5440 4519 7059 1698 9365 4603 5820 6502 7044 9424 86 6521 514 4244 324 2173 801 7350 535 6193 7372 1775 1534 5250 1966 1297 1112 2751 455 8146 6447 6303 3074 2349 1503 8816 697
58 9111 3756 1130 1062 4568 3460 563 3951 2141 338 504 9537 6519 8790 679 1784 2738 743 3234 8206 1423 7336 4435 7267 8824 7877 2017 9464 4617 6228 5202 2324 2581 8529 2341 8837 1581 3261 3776 9985 1252 3485 1844 8473 2628 6536 5449 7905 8772 5232 859 1266 8660 3601 5849 4058 4956 4594
63 13 7760 1492 1893 5334 498 1139 9128 4046 1737 2664 9678 7952 3242 3300 3871 2409 74 2937 4031 4095 7614 9760 3194 2412 4456 4430 1280 2576 1249 1451 7587 234 5775 7200 9119 8614 9077 226 2839 599 8300 5920 3052 1234 5762 1155 1501 6548 7073 1811 1337 4746 7121 4479 6637 6184 2273 6524 9100 1946 1773 6202
64 6197 8698 280 8152 8170 6765 6092 540 8699 82 9625 1787 8293 3667 9055 8442 4350 3439 8251 6473 4370 7374 9690 1643 1000 5480 9677 5281 3456 8938 1929 6337 5048 6208 9935 3495 3102 193 3740 1654 8313 6443 7447 4357 4016 1901 3296 9265 5576 5872 2865 7998 5764 7119 7411 9563 1446 8011 8070 7965 7841 7270 5988 9770
63 4764 3210 2803 7235 9747 5156 7864 3264 2506 7528 2358 3755 2057 2840 4597 5446 209 3243 8876 3086 8025 3105 2260 3507 2397 1319 7056 3622 345 6063 989 8762 5956 6530 1469 2697 8217 595 8684 9749 1733 3012 8340 6880 8676 1687 9631 4265 1718 6797 8058 8695 2093 1937 2572 3207 7900 3645 4354 3540 8631 1778 3517
62 7937 3827 275 8523 6200 3579 6928 3278 9120 8530 3557 8701 2218 813 1300 590 1342 2797 5253 7046 6329 6690 1233 7131 3825 8857 9855 9300 3303 7612 7739 7859 8787 361 2888 9630 3535 211 5422 744 4056 5572 9946 3217 6568 1528 2621 4620 8252 1669 5101 4927 9576 5275 9045 4698 4793 8744 8583 4708 4605 6413
65 9714 1764 8394 4701 9591 5966 3316 4896 6459 7579 4126 2701 9147 8257 8564 5353 2745 2687 1411 5084 1310 2511 3908 6989 3670 2153 9072 9228 6082 4601 1621 580 9796 1054 611 3886 9040 297 414 6946 6039 5060 7208 1823 438 8767 3342 5745 6923 5141 1018 351 7440 3351 2976 6818 6929 3274 390 8317 8589 2213 1315 8194 8670
64 4974 1833 2607 7704 4057 4088 4169 3005 5566 3954 4976 5307 2138 9909 2918 3001 4969 9892 3934 4145 987 1676 3508 6033 8878 3434 5811 2923 9628 5438 3010 9367 9334 895 4213 5095 3672 2593 6518 7932 461 9567 1845 9641 1084 7825 5626 3658 4859 3002 823 4999 983 8823 1378 4196 415 4437 2041 368 3474 9018 2007 7774
67 3590 3198 8730 3551 4766 5209 7358 1205 7969 1417 3417 4005 5360 1547 3272 6902 1944 8793 9949 2788 7765 4163 8668 2725 3506 6590 4914 9466 2316 2790 2724 6272 7346 5972 475 5577 6226 6851 2889 9513 1858 3596 3419 2702 3773 7398 3000 4253 4041 1843 4729 5190 2545 6751 6907 105 7705 6660 9001 3779 4895 5543 3161 2985 5551 8932 7911
67 602 2156 2086 8568 7984 2442 3339 7331 4311 5400 6313 7723 1923 73 8594 2609 3541 6522 9437 2680 5090 1883 4691 5749 3280 3863 2052 4028 359 5352 228 1796 2811 1661 6418 5104 9122 4955 8960 6617 5614 2910 7428 646 9701 9195 176 5871 8405 1617 9369 2089 7224 1086 5719 7734 2926 4297 616 439 8195 9071 1473 824 5851 9643 7936
69 9321 8039 3782 9257 7251 928 3350 7890 4050 5148 3266 4192 1740 3847 8375 6267 7054 3420 8076 9619 1759 1477 1317 4272 1668 1622 7032 1206 6674 8769 2408 6352 1261 7588 831 1392 9196 8713 4614 3650 7221 8847 5331 7189 4305 3718 3666 1757 1335 401 136 9715 7562 7659 195 7520 9886 4961 486 1316 7090 3120 5280 2075 2556 946 6843 3107 9138
65 4141 5354 7639 5532 1330 7581 9039 1024 3702 5066 4181 9831 704 690 541 4524 8036 1064 3167 7330 7450 4178 648 1709 4582 5347 1935 6115 2033 8446 4713 9008 559 5373 815 3677 9400 6106 1088 6628 5399 8626 6087 3916 165 6803 748 6834 1475 9210 2363 6281 1005 8045 814 5294 2478 2170 5548 8596 9438 3868 6142 5561 2480
67 7576 5645 9887 7946 6729 9075 702 7638 3560 817 9382 2343 1515 397 2018 2096 6369 5639 5105 6236 5183 9153 9634 5035 8677 1799 3563 5395 6882 8666 7860 6044 2704 7656 8908 8288 1673 9659 3293 1941 5980 6839 6469 3967 4285 4675 269 8531 3022 4012 3424 5538 787 1800 7396 4291 8244 8416 4590 8270 7839 1106 6587 9882 9527 9154 3116
69 570 2091 4397 7574 1040 2152 3383 8356 2 8733 3410 5226 2633 678 8575 7668 7087 4722 8791 8478 3803 4385 9851 7629 2009 6697 4064 7811 7928 67 8035 7388 877 7696 1853 6742 66 4434 999 5880 5567 5493 8041 2988 2726 8817 7506 28 6107 3223 7250 6101 6771 9950 6103 6076 399 1279 9285 573 6358 6311 9723 3218 7921 8132 1791 4789 6614
64 962 5262 2351 9336 5903 5898 477 7707 1421 2323 5144 8681 9825 4948 5863 6446 8423 8541 111 9274 5384 4262 2028 4728 9780 5818 6585 4147 3926 6908 5839 2342 367 4109 2951 7155 9674 9647 8571 3248 2596 6691 4668 1343 9541 786 3725 9472 8485 4326 9221 8203 7713 6784 4517 4619 4872 6881 2895 5178 1367 3006 8392 2436
64 7883 1752 626 5475 8134 7929 5129 6509 9817 9772 8966 6554 4694 2637 9235 674 1821 9451 5822 2538 5687 4665 7328 9862 5488 5611 5063 8185 3065 178 8109 7431 4312 6282 492 2312 3319 6724 5651 4498 4372 1201 672 3768 8729 7818 8202 3712 5380 4255 6431 3214 4138 8782 6495 9586 7002 5374 7123 3901 5930 3529 7775 1363
71 4065 5370 4501 7511 1060 2330 4807 2836 9646 7982 2140 4560 1644 7144 4393 4183 1804 1222 3587 5315 6162 1081 8593 2909 1349 6893 9502 8437 8558 609 6811 4294 729 5230 1517 4373 2326 6786 4129 4492 649 9653 4404 1246 6527 5977 591 2490 6558 9137 2366 5143 8738 4324 3521 9657 6702 9181 2991 9766 1815 3938 7788 3406 6074 4683 9444 7294 9918 2630 2507
68 5465 3877 596 3856 3534 7529 9227 747 5632 4151 2479 6113 4227 4001 4887 9329 6703 185 2334 1302 1802 9327 3340 4958 8122 1226 9110 7108 8106 6018 3246 7242 9 3646 9299 5214 369 5505 4656 4406 8480 7143 6853 5708 761 5194 3017 151 8173 6592 3133 4463 5140 6209 2285 8770 1305 9143 2703 3041 3092 5844 8187 4502 9782 7996 7215 7649
66 7633 5535 9826 4060 256 3333 667 2252 7650 7845 1430 7607 1854 6099 6994 2674 1306 5969 409 7661 2835 3364 2943 4021 8335 1695 6581 4132 189 1829 2534 1885 3026 7102 6134 8295 9409 4509 2663 4706 6792 7732 6199 657 5563 1384 6126 1859 3469 4210 4362 2437 7220 6293 889 2248 3909 8409 8682 3138 5698 2532 7978 277 1627 5211
63 7662 3384 9136 188 5511 4650 3932 676 9139 571 7180 9489 9494 6167 4487 1485 5802 4785 7743 360 2590 3058 1630 778 8821 331 3879 5664 4602 8761 7088 623 1496 5479 4843 4555 8196 8023 3056 1684 9875 8403 6381 4333 9834 8923 9550 9036 2025 2405 3450 4646 2844 253 5398 7726 3816 5375 3062 6830 6806 7134 7796
71 8099 8453 2381 1191 5041 5195 6819 7253 9385 9636 2815 3744 4408 5210 6618 1593 956 1440 9583 8249 2961 8874 1427 2654 4647 5192 4440 1069 5405 1436 2092 9068 3321 6060 4288 512 917 6380 9564 2130 2445 4094 2488 2453 8947 3690 4846 5094 1090 4154 469 8157 5243 9364 9348 7287 7595 218 3859 2866 9148 2105 3668 1270 9731 2431 4767 9827 1298 8311 1445
65 9488 7613 5241 9584 8143 6231 9224 8327 4195 5860 791 5201 3644 8718 1932 3182 6538 22 689 6572 5490 59 8253 6648 9057 5290 8722 2235 861 4371 5947 1636 8780 1783 3213 8370 2200 8155 8116 1338 307 7762 5444 495 1356 433 118 770 4569 4296 826 2454 4369 4360 6833 7791 9947 677 4954 1369 8374 8062 7806 8265 8465
69 4753 8184 2765 3169 8386 1531 7694 8118 1100 6983 5910 9816 4248 7381 8281 2298 4015 5010 9725 4083 1897 2001 4864 893 168 6609 7284 5309 6454 7596 1085 4410 777 918 4829 9552 2970 700 9325 8975 618 4164 302 2899 1216 1619 6589 2127 6937 3617 5892 765 1162 7892 2856 3224 2434 6260 3098 4020 547 4532 6988 7246 7861 7934 6810 8898 7260
67 7914 9858 4671 6597 328 6294 1909 4279 9984 6374 7116 309 1217 7185 5682 7910 1770 7369 2728 5887 4938 848 4158 1980 5297 9173 6183 8413 6510 109 6192 9845 7962 8675 6433 1535 4934 9734 7236 7129 1640 6336 1286 9473 6140 5087 6468 5321 6645 5004 1107 7567 4485 372 7128 809 1454 9582 7738 8077 6798 4237 2814 4256 3080 7460 9958
67 8346 5130 6796 8166 7979 9699 6889 6620 9621 4144 8765 7158 4730 8201 6112 4478 2853 9059 841 1797 4929 5070 2629 881 2040 76 9906 781 6941 3812 58 5072 2251 274 981 1876 1272 3499 5539 8319 9553 3325 478 7027 7964 1164 3964 201 4102 6047 723 8014 9945 5225 1878 1714 4688 5569 2088 9765 1295 2143 8619 4585 6898 9510 4644
68 7148 625 994 7918 9743 5545 7244 3462 8950 7442 1758 9980 1604 5499 2622 5637 1898 2433 5302 1354 565 5133 3144 7472 3791 868 6191 9952 5770 2699 403 6993 3464 5833 7586 5191 1866 6841 8982 4438 3013 3231 3885 3329 7285 992 5335 9226 9639 7302 2356 6467 8326 1447 2612 3163 8685 2667 4877 509 5809 9320 7223 3226 4643 1522 7315 5674
69 3363 1788 7494 2241 3630 6046 6003 6474 3844 1554 3671 795 6304 3917 9585 8737 1368 2499 1730 4831 2919 7455 4292 2522 8214 7863 1585 6378 8435 6665 3974 8255 1507 2220 4276 9595 4112 9264 9066 8029 5884 4010 6476 6958 8459 7095 7446 6700 7434 7182 9610 4403 8104 4319 374 7342 1834 7616 1543 1881 6068 6762 3985 4461 950 3580 9860 9558 7368
66 4322 8579 9727 7708 5136 6888 9940 1520 5855 1600 7769 171 2801 1412 8609 7028 3170 2310 4017 9499 8974 4363 3166 5514 995 3484 4019 2857 1742 916 6829 3806 9002 305 2151 1416 5546 3641 2692 7676 5810 1578 4787 6863 7283 4886 4663 6118 6259 5663 8508 3823 8962 8902 3559 5629 7094 5536 2385 3421 8743 1991 5953 5284 7063 2994
66 7427 8085 1942 9992 5555 1014 4535 1422 7575 1907 8418 2569 8865 3479 6866 7541 5512 3711 6160 3481 5382 6210 4564 8144 3310 6178 6646 1744 3377 4448 7725 3896 4335 2753 3576 7829 4738 3432 1931 3473 3822 3638 1006 279 6549 1026 959 8881 6342 9849 8739 8742 6631 8747 8672 517 7100 7214 3697 1607 1697 9995 1954 2565 7722 2103
70 4804 7256 474 8590 552 5529 7648 9052 4607 3009 1575 9391 4302 1198 1344 8488 2950 3429 9289 5074 2722 1692 790 7257 199 7935 9092 116 6368 1972 6114 6457 3054 5767 2540 5299 2256 1571 3418 7733 8310 1950 3594 2420 6054 3372 7550 5494 867 7137 5328 5753 1202 114 3578 8985 6 9020 1957 9713 3940 1939 3734 103 5507 6332 5635 3334 3375 6491
68 5777 4574 2864 553 68 6871 2003 5612 5520 2144 2394 1042 4795 7891 9395 5772 8389 8274 8316 5502 7097 1074 4857 3986 7753 7423 636 2276 2121 8639 2413 838 2739 1052 2872 2475 5594 4496 3820 7881 2087 7975 7064 9085 6777 6949 9269 5788 767 242 1570 4176 6602 9620 6769 4884 7332 7746 4702 2329 5161 5960 1027 8412 1551 5410 2504 8636
66 746 2711 2090 1896 9460 1339 8297 5472 16 1863 7367 3845 1715 7980 5671 4307 1865 0 4745 36 9338 4885 9737 3774 1011 3494 822 584 2044 1489 5451 6701 1761 6996 4779 210 4669 4340 903 5187 1225 7808 5393 7879 4133 3466 9230 5271 797 9331 6694 821 3688 4681 6022 8736 7508 5633 47 5092 7729 8037 4897 1665 1993 9700
68 4852 7901 816 8207 6879 6857 5345 5675 5751 9079 9612 3442 837 7679 8991 941 7347 9975 5739 1767 8783 465 6233 5429 3228 8047 8967 5803 9311 3981 1847 863 5135 8135 2741 2283 4328 6714 8210 5081 5419 7410 1366 7314 6394 3761 7170 4626 3497 5145 4173 2199 1031 8929 7354 6248 5812 8708 8068 4384 9113 9916 7371 2925 2386 4418 3504 4916
73 654 6330 8896 6687 554 2649 502 9352 7351 3396 653 7992 6844 4553 1521 5167 5424 2232 141 7483 8262 6567 1545 9363 1104 1708 3055 258 1405 7404 5118 5874 2984 6399 5152 9091 4277 6743 5409 8175 4700 4149 3890 985 3824 1265 1624 6685 9432 2458 1332 2180 1922 7827 5437 9167 7857 9637 5158 3727 4571 4666 3196 843 617 4998 1327 2456 503 4014 5033 3748 4300
71 138 9194 8128 839 7448 7439 6664 2228 7279 9150 7603 2768 5229 9242 8006 8913 6437 2337 6312 8528 5235 5976 6860 5023 7484 2030 3431 5550 2643 8611 1459 3771 9694 1294 1135 1409 8942 9823 5590 2564 2411 6712 2128 1625 9316 6957 6333 4233 1987 7686 4849 9449 8888 8127 7139 9661 8112 5946 8515 2422 4228 6783 7731 1288 5948 7852 9152 2786 4097 4871 1596
71 1965 4469 8607 8183 4433 528 34 479 1700 7295 6815 785 6753 2053 2154 2129 93 7296 7561 9240 4193 2843 8123 2646 9921 5175 2062 4383 2382 9618 6010 3251 2944 2551 4226 9326 6220 7385 2206 7673 3971 7994 5631 9928 2271 8997 6020 9396 4606 6019 5961 5172 506 1331 2566 9004 2732 2360 5677 2990 2691 2505 2712 166 3958 8784 4345 3159 6537 6301 3082
71 9543 7006 6154 3693 1746 4238 1816 2916 6961 9806 1429 4009 8884 9773 3722 899 3573 6395 4734 177 3500 3254 2595 1189 7950 2651 9127 6224 2897 3416 3360 8115 3778 3269 5330 4199 3271 3888 6837 3400 9276 8519 2181 2113 1213 7628 8537 9901 8795 1561 9926 7034 1381 8079 1129 5305 7714 5342 978 566 1762 5937 9064 8501 9869 9388 4832 5877 2936 6017 7820
69 1577 1595 4338 2365 7011 6402 7481 6150 9899 3536 5416 4314 3703 6551 4975 9315 3281 9380 1777 8004 7745 6824 9376 7942 2100 3606 5699 8734 5766 7990 3241 3695 6182 6544 9763 7146 2837 3437 4676 1536 6861 8707 9587 3125 5495 4842 7495 46 4491 2831 6122 3230 8382 5025 9318 3154 4039 5819 1682 2498 2510 882 5678 5372 9829 8539 3403 2528 7756
68 8057 8299 3704 5008 5608 2874 5914 1148 7449 850 3582 1558 1025 6520 8937 343 5683 33 6359 9182 7240 4444 3130 2183 5508 8628 4945 8296 7432 8899 4376 4599 9792 2500 1498 7114 5067 4177 7307 5746 1383 2695 335 398 9465 5733 9758 6875 6555 4206 6458 1513 9479 9013 6316 8852 7754 6782 3493 2862 192 6012 9423 1801 2481 7322 8096 5517
70 9988 7132 1359 8366 8934 9506 3698 7020 2048 8445 1462 4628 2677 4495 2346 8050 7800 3040 996 1420 2983 1028 925 1248 5397 21 4782 4988 2255 5106 8659 6025 1144 3584 7118 2632 1458 8621 604 1713 2387 6376 6807 8720 4453 6678 6734 9801 4778 6004 8301 3115 7113 146 2074 2160 9977 2376 6077 4531 5527 6867 9535 5729 3024 1184 5050 5418 2217 722
71 2265 3240 5837 846 4170 8027 3781 9378 906 9397 1961 53 5706 236 6676 4394 4692 2322 1253 3018 4446 6711 8055 9771 5096 9247 2826 4100 8591 1321 4986 8842 643 5716 6895 8362 9876 4072 8759 6991 1047 5013 5825 6249 1710 9017 5463 5431 9644 5929 1945 162 6391 542 4462 5649 7897 1374 7868 4608 2533 7970 5747 6397 3083 5317 4516 2901 9163 5638 4171
67 1386 4260 90 8447 3258 5564 6623 5247 2526 8234 4018 6322 6292 6027 6826 5433 7227 2679 6300 3215 3532 8603 6412 2509 9090 2986 2656 564 237 3685 6684 4098 1482 8341 6100 7556 4727 9560 4059 3359 6124 755 5498 8259 1291 2997 3337 4142 4198 9373 7311 1982 6254 2987 5571 8606 4407 77 7386 2523 3148 769 2915 6947 6264 6279 9914
71 1109 9594 8653 2335 1067 4803 3694 2573 1197 6073 5020 3757 9549 5478 2868 2531 9753 5390 2525 5935 9733 6795 5879 8794 2547 1158 3298 5000 1320 5890 239 9458 7809 2967 57 8475 8597 6451 5730 7836 9295 4493 9534 1652 4451 4853 1850 1510 6608 6144 3726 1232 9496 1506 4624 9819 2294 37 4664 6577 3936 5344 8305 8024 1540 8548 6390 6647 5273 2497 6906
76 2378 6956 2847 7096 5846 9756 2693 5153 5310 5207 3367 5082 6242 9165 5368 703 6859 6686 8673 1194 4025 194 7024 7651 3835 7536 4921 3146 3490 5791 1960 2066 5974 1870 8066 5265 539 8338 9453 95 2508 9050 5790 2224 9140 5056 6963 3602 4654 5043 6964 3976 6285 6529 7874 1463 139 7140 8065 50 459 441 2065 3800 5391 2094 3355 624 6722 6626 966 4235 1690 2719 9478 647
76 3123 2198 8468 8432 8870 8592 4091 9732 8885 2755 7109 9454 4573 5654 3836 9302 6105 3741 5303 3558 8256 5878 1620 8211 3487 8689 6263 1419 7706 2178 6849 8536 9739 3923 9160 1721 922 4598 5006 3463 9283 5737 1391 5394 2568 505 6343 8491 6695 8198 4499 8525 9711 2543 364 6108 8635 5319 9514 3478 3352 3527 8533 5795 1798 8061 7951 3522 2789 6633 6737 4526 8307 7049 4659 7326
71 2672 9890 773 8835 1365 4773 2777 3921 6363 9884 5181 1239 6767 5783 4788 2710 6427 6244 4387 1888 4044 9854 1083 5407 6715 392 8617 1861 1548 54 2502 529 3284 8278 6298 1223 5379 5752 9673 4207 7630 4610 7999 2660 3371 2164 4023 5078 1180 7940 6070 3561 4484 5155 5445 113 2115 4631 2214 5936 749 127 4197 5609 8236 7174 3956 7805 7555 4821 2894
71 5500 5801 7539 8125 3899 5031 1772 6748 7986 5308 5868 6485 5744 2258 1996 365 9898 927 1882 7916 1120 9126 4334 8147 4281 6252 8813 8721 55 6809 4343 1553 9902 1662 3108 7271 4113 9507 7514 9021 7273 4752 5246 1565 772 5616 7051 944 7420 4308 3538 4242 7933 5381 1633 6887 4959 8779 1812 8935 9698 5491 4699 5970 7474 2620 8443 2952 3021 973 9604
70 2417 4980 7487 9366 7173 1407 8890 3612 9123 8751 7482 4677 5318 2295 9504 9961 630 9183 5556 1167 2161 356 1971 2083 833 8862 4223 4869 1915 2780 92 2014 6484 5994 6591 9390 669 3250 9483 4027 2110 1346 7210 8171 8827 608 4649 7634 6219 9102 3874 8359 8287 7498 4979 6478 737 4381 9134 427 9894 2911 1255 1678 2968 2561 2582 8314 4576 4901
65 8709 6791 4474 5934 7611 7458 3172 2350 434 873 4983 8992 489 3019 9394 5850 6212 6919 9044 5278 1532 7664 1680 7503 6574 8284 2188 3454 4428 858 5306 8007 2204 7099 48 3674 958 112 2419 6905 8119 6739 5655 7357 5636 9521 3178 7530 5995 9306 9789 5624 6619 8520 651 251 9642 205 2008 7631 6960 6561 8964 2494 8618
70 5062 8267 5613 9942 910 8400 1036 2459 7744 6973 8936 4697 6481 6464 1373 7239 5228 9571 2794 6971 7869 4641 1301 6188 3608 3286 5963 7958 3020 4547 8512 7792 7077 8279 3801 1726 3684 4280 4146 407 6884 4482 7292 241 5123 8643 3414 6571 7403 1476 6913 7391 3526 2476 4342 898 8323 4108 6534 9759 3354 6654 12 7804 2371 7194 4875 3642 7162 2451
68 1641 3075 1512 5967 8399 4996 2933 2971 9966 9735 8074 3391 8910 6580 4076 7349 7866 9936 3480 5748 1895 4521 7045 9317 257 4140 5647 6287 300 7554 4379 2080 5691 7884 6291 3446 7363 169 3978 1927 5642 5741 650 8866 2246 9730 3945 7070 4899 5979 1755 3413 1019 4121 3498 3996 6335 5560 1576 8845 7106 4695 7319 2099 8360 1212 9481 6787
66 8551 9814 4349 2583 548 8513 5881 8841 3762 9076 4716 7436 220 9467 8454 2744 499 6979 5312 9425 9531 9270 1089 5055 594 3110 7039 1723 6976 9179 4930 5367 6508 1029 1308 3747 9588 6611 1456 8534 1013 5252 6387 8186 1190 2473 4439 8380 7193 6116 4427 7687 3586 3135 7717 1254 5985 6013 3993 4981 587 2902 9786 4685 5240 411
70 4077 1599 9443 23 5049 4122 450 5134 9592 1398 879 6348 15 163 6500 5857 7201 9184 2313 3882 8680 3176 5142 5238 5983 1754 798 8844 6948 7308 8020 143 9672 8378 6338 4258 9214 2292 8425 5272 100 4595 1582 5697 5625 6095 1200 9638 5814 2579 6926 5873 6799 8576 1930 7551 4061 7281 7542 806 7856 501 3664 3468 3202 8387 2956 2406 9982 1766
68 7324 8545 5097 3119 9820 8710 8969 6635 7384 8464 7985 8063 627 3283 3186 7572 9955 2644 8532 380 6944 3912 468 2955 2243 7407 4504 9332 8350 3121 4825 9280 6137 9501 4161 3441 6670 5971 2034 7898 3928 5389 2700 2344 5458 1230 6984 9663 6196 885 1529 6986 5341 6541 4468 6040 3687 181 6136 426 8830 8792 4257 953 3633 224 1177 7887
68 4398 4634 1035 3503 1805 5740 2482 2599 3268 7232 9974 9462 5058 5435 7872 8001 8000 261 5293 871 615 1749 8889 7983 4002 3839 2314 8371 9279 6749 5075 3477 5804 8732 938 7795 7546 64 2792 481 3728 3539 2598 1101 5338 3809 7548 3509 3864 217 4209 6858 4505 8802 7453 5864 8117 4995 5593 1385 9422 145 1638 4881 2267 7886 6511 8694
69 666 8502 5326 2496 5503 8026 4769 2244 5534 2860 5005 721 238 1138 5188 4673 9272 174 1149 383 3185 2832 8483 6847 1849 4431 38 9089 8505 5998 7560 5869 7150 1418 5962 2114 8348 5842 4883 6607 1050 1763 9405 5773 6058 3621 3549 19 272 4508 8806 8557 1827 4651 6579 9508 3084 1375 8306 6717 7518 1943 5526 7435 5712 1875 7153 233 4678
71 3511 2191 1846 1364 9635 1140 6655 9019 2293 5999 3455 2036 9874 7259 4096 6221 662 7338 7592 2562 3675 110 4726 6069 9970 972 9689 1589 5834 3798 1262 5848 673 1170 1094 7167 6540 7124 388 8087 7889 8158 1240 2690 1656 7333 9294 454 4330 3789 2035 2196 2438 3990 9176 9193 8940 3081 3729 2927 3930 717 5466 9023 852 9358 2594 4963 9607 511 85
77 3815 7179 2202 9913 1842 1186 2557 7120 2940 5696 3150 9640 919 408 5901 5348 1414 3090 9795 484 5053 5301 4388 1307 6472 7291 6856 7352 7355 1172 907 8538 5219 4090 8915 1892 639 8882 5519 6075 6565 9011 4033 56 8333 1224 8396 7040 4187 8331 9429 3751 5676 727 9245 3200 3613 1497 5300 808 4850 1995 2328 2261 1947 7164 6972 3583 4680 5054 8298 1484 1268 2587 1864 4188 5885
71 6603 4494 8406 3878 9200 7689 6250 2042 5668 4249 3164 9241 8462 9356 4137 4089 8263 7163 3156 1007 2286 7036 753 8008 8755 9249 9222 9769 9118 6716 2424 8796 7310 3616 7196 4232 4800 6940 3085 4085 842 9266 9511 4987 829 5267 3999 7211 5743 7913 1455 9146 1646 7445 2553 2694 2383 640 3661 2211 3710 7930 4561 3345 2031 1313 1851 3285 8753 5269 6588
67 2182 2713 7720 7569 3051 6416 5997 2736 1152 5680 9907 2873 2279 7406 7299 572 2136 8553 4205 8914 3770 5369 2960 7401 413 8573 3515 7377 5289 7429 1128 428 9844 9448 337 5477 2193 6350 1977 381 1033 4299 9345 268 8674 3566 9028 7497 9684 757 4000 699 2796 9170 9962 581 6503 6573 9987 1105 1550 4268 2585 9296 8180 9255 4361
69 4760 2563 1925 3665 314 3656 1779 3855 9384 4476 4084 4175 8046 9856 7375 5670 5784 9461 5176 2281 576 7268 6138 4990 1002 9664 4952 2076 8665 2390 6735 4045 1914 1504 6846 5268 6930 5648 8867 6353 1632 4321 9487 7433 508 8869 864 9000 4203 129 4772 142 6517 7987 2883 4510 5615 2095 8994 1509 4820 575 4352 937 2807 9650 2530 2296 6405
69 445 8644 7566 766 8971 4481 3519 7060 2756 4386 8714 9708 7637 8176 91 4116 1258 8377 2142 1326 5100 8655 3850 8318 7802 9983 6693 9750 5689 8989 3705 5073 9185 7948 2939 1353 3389 8283 7758 4623 2485 4470 2070 5212 1523 759 2665 260 1984 6401 7269 3862 3739 8411 7895 7967 7048 7074 6339 9633 2054 3906 3840 5845 4556 2809 6133 2623 4347
71 7828 377 352 3911 2813 26 3044 2304 3953 9033 3380 706 5990 4530 8634 8012 2673 9599 5157 6205 2247 7660 8638 4432 135 7610 8499 6820 9012 6354 4515 9372 2900 1097 1056 2675 7623 3942 1667 9359 9421 6968 2108 6768 4596 4534 2118 9530 4991 8 7160 8570 4932 9744 29 9879 6774 7666 5017 6324 20 1975 940 1015 6029 6442 4586 4135 3857 8887 4964
75 3236 8546 6668 3929 4166 7397 2604 3385 7191 1175 2253 7625 2401 4817 81 6634 5916 4358 3489 7317 6186 8700 4527 7812 3545 8917 6705 7195 7645 4284 3134 4992 6486 7025 3382 4723 2010 4317 7238 7053 5378 449 4125 5484 8843 3253 7848 3754 8671 6127 1043 5047 6023 6373 7057 7904 8748 137 2619 4036 1527 2177 3112 4320 344 7544 240 6673 9767 5789 7537 7718 537 2659 1648
65 9282 1824 1125 8657 8434 4944 4802 3746 2430 4152 9719 7974 4903 8970 745 5506 1525 6559 943 5277 8040 6256 7761 8213 3315 6238 7830 7237 4423 7290 1146 4368 1137 9232 1488 4240 6850 1156 440 4261 326 72 549 7959 4725 2688 3933 8430 2317 3676 614 8169 4270 4222 2269 5261 8559 8376 3451 8959 578 7885 8167 4364 7899
71 9925 5524 7297 1271 5245 2005 6168 3064 3259 3707 294 9963 1794 2106 8569 1998 2410 3192 4630 8627 5821 9442 7784 8988 391 1435 6862 7282 322 5024 5854 3199 1314 2893 8871 6365 2187 4549 6146 7218 354 444 4868 6967 4879 4441 8822 4928 7627 6031 2461 2764 4755 7665 8853 3947 8706 1108 8788 1281 4411 196 2749 8776 7789 1891 3279 8240 2016 1185 531
79 4473 8561 2830 3104 5388 7787 8740 9951 6970 3659 6936 4 1325 779 9790 2236 208 7149 1487 8285 1245 2238 6747 4117 7142 5146 9339 8912 4792 5366 5904 6171 7906 384 2935 9497 5830 7072 7532 1046 3609 6072 2060 3458 3073 3639 955 3571 3884 2321 5617 8233 1806 2192 4770 6525 6165 8785 5364 293 4848 6239 3910 7306 714 3588 1626 9208 9679 6901 4274 9463 5859 7470 6189 2957 4419 6121 1637
70 5798 2766 612 7793 3972 9470 9787 6155 4917 7151 1210 9096 2912 3881 8500 9546 883 8741 4874 8840 5523 363 7062 6185 2373 1889 7213 2825 8855 8248 5600 406 5909 568 4351 9729 8688 1736 6306 3204 8034 812 4143 1903 8056 2208 1649 8312 2958 8069 2102 6679 6489 7512 9201 4721 2046 1594 5386 731 3760 5734 451 2670 1739 7608 5681 6135 124 2084
72 9215 482 3209 476 3681 9131 9797 8717 7161 7976 6681 158 6794 6049 2770 6036 6057 5376 6874 9415 5168 5510 3865 4638 9835 4130 7345 9964 140 9651 2818 3543 412 3759 2657 3944 7035 6692 998 5565 6111 4970 9427 5287 6050 5816 8156 2362 7366 3365 1008 2222 1663 8719 5452 5085 8836 9291 9034 8554 8343 2731 6506 8880 2345 24 9383 5513 9873 6596 419 1199
69 6669 9031 7343 7395 7871 6778 9459 8624 4455 2747 5945 6746 740 9121 3326 9107 4724 8398 6740 3648 6606 6357 8260 7672 1908 4266 3174 3795 387 8775 4180 2973 2730 6772 2549 2015 3067 14 5040 803 884 4070 8921 5799 5778 3600 3097 7565 7303 7594 8010 1183 6273 8510 88 9069 3614 8247 7192 9778 1486 2716 8585 8290 2781 9410 6179 4978 5921
79 2993 2146 9688 1424 5528 128 3618 5127 6756 1080 229 4784 304 3733 2101 1282 7412 3079 6286 9172 2470 3654 8042 4110 1259 2558 4040 8760 3546 5420 5083 9809 3356 4402 3730 8334 3003 9060 3180 8031 9810 3512 2364 222 1495 5154 7823 1910 6307 9516 3282 4731 2880 4234 2240 7092 8163 7169 1372 3483 828 2282 9686 6086 7457 7154 4936 7152 8516 5430 8893 2999 340 2291 1150 7066 7178 977 7688
70 7995 9740 9243 3765 4951 6151 1066 8875 7230 6275 1776 1562 1588 3332 2439 466 150 9362 9324 5861 431 2552 5068 5314 7925 4153 1182 4344 2389 5417 4919 339 4578 2683 4851 3401 9716 7013 7378 2714 8972 8226 8461 1789 2492 9706 8444 2974 9171 9026 6081 317 2421 3699 5234 1017 3841 5515 6011 8110 8164 172 8582 467 7938 3008 7697 3422 7907 2681
72 6845 8961 7216 4543 281 665 7698 2769 6407 9190 8277 9097 7016 8924 6616 7598 5177 3427 4799 2542 4736 734 6385 3637 4201 6318 1825 8347 4823 2148 5332 4382 1406 4011 7130 8254 5540 1114 1832 6977 6079 4893 6400 5131 3222 2402 1426 9944 3475 8397 2787 1251 6825 4283 3165 9608 9198 2340 4783 2964 6688 8197 9788 9579 2737 5618 6235 1653 8351 4184 6014 6422
73 1472 6021 4805 9791 7475 3501 9522 9933 9606 6382 60 3696 4391 3851 5224 8381 6990 5596 3513 9495 9853 5434 290 6364 3379 9545 5124 3846 8939 9655 3849 1952 2404 9411 1963 4637 9609 4421 4080 4819 6396 4043 7231 3088 3162 9779 4826 7710 9807 3029 7749 4073 4816 9399 543 8789 661 5665 9124 1181 2567 6052 2848 9293 3931 9094 3366 2969 1399 518 6656 9556 4275
69 9155 3288 7030 6214 4259 8565 40 1675 273 1059 663 7177 443 9027 1165 8957 4069 4282 3858 8646 8517 4341 1370 5763 1671 1218 8894 5951 6672 2808 642 2020 8605 6024 4074 3828 2666 6696 4414 7212 8764 7081 2407 3193 5640 9162 9518 1884 3900 1605 4029 8521 3861 9680 8160 735 857 8174 4367 9112 4973 1629 4592 6271 3957 8216 9838 3555 5486
65 3256 7642 9248 6931 7015 7380 288 1926 4710 7383 3292 2519 4627 8834 771 8022 4251 1707 8812 3715 7597 7709 3078 9815 2928 9993 6145 8507 9370 1147 603 2645 9800 6414 270 6998 3343 2484 756 7103 1955 875 847 5164 4876 8600 7920 8357 5735 267 1912 5180 4790 9572 4450 8749 9900 6203 4762 9452 5216 8268 2134 2791 9784
76 3145 8372 862 4989 8543 7695 3640 2715 2384 2145 780 5423 3716 1293 8711 1689 3997 4621 4315 8235 2403 2846 597 323 5659 1837 70 8245 7000 7076 5442 5768 5852 5200 799 680 231 5800 3786 5695 4839 8129 1828 7500 5688 9998 8495 8107 8016 8419 8800 97 3915 3965 4220 1388 3593 8408 9602 7619 3838 7602 9065 235 6490 31 4947 1655 951 7926 8774 6955 283 3071 1793 2254
70 993 7382 6980 1247 1712 4660 6864 968 8906 2051 9263 2137 1283 7022 456 7777 4642 2158 9457 3802 974 9260 4204 5311 4443 1402 4696 9833 2977 8384 8886 1452 7953 7265 5270 4488 802 9098 2740 3043 7365 8321 2307 3378 5986 1087 1940 488 4022 4445 3358 7389 2655 2284 6661 5091 7505 4584 4337 5549 2834 7741 8228 3404 4512 5717 4111 212 6730 969
69 9340 957 9288 6425 3701 5462 7516 3126 7543 5829 3412 3267 3783 9803 9238 939 8920 1541 6854 6550 1871 5900 1118 5119 7409 7037 1309 4168 2120 3721 4295 9278 1483 805 376 3220 7692 6624 7069 5924 6802 6009 4946 17 5415 9867 9920 148 8524 2932 728 7469 6903 7301 2824 1277 1538 9253 892 6327 5231 65 491 5774 5002 6732 9768 9969 582
73 558 7794 3482 2554 1751 1192 6258 5387 9956 2965 4834 1016 1257 8266 7488 473 4828 8577 9986 4465 5159 7078 7038 9883 6268 4679 4856 9720 3797 1867 7873 4892 3834 3686 2354 8925 2056 1774 9024 8223 6438 1616 3574 5242 9624 5692 8429 8973 9401 9199 4781 1432 7085 7736 3087 3309 712 9623 3374 8556 1877 3946 4271 6704 4412 3057 7817 7764 2850 4339 4635 8805 63
69 2452 3832 2297 6578 2855 417 8503 8778 9130 1250 9115 3275 908 1639 5580 3854 4356 8828 3100 1121 7703 6097 4652 2055 715 5533 5404 4212 1933 6206 6780 1102 3585 7112 8489 1706 318 7909 5643 8028 1351 5003 1502 9509 7023 9144 7083 4806 6383 8064 890 9682 9972 8632 5039 8192 3219 9524 6222 2311 7050 9030 9991 3589 7997 3872 9330 4037 6216
69 671 5673 1539 1038 2332 2954 544 3987 4957 9175 291 8820 9937 4104 1677 8798 7117 2331 190 7405 4640 4325 3683 6872 4062 9842 161 9908 1460 3131 1934 6719 198 8436 8601 6175 5356 8190 5026 3837 2425 3184 6526 8839 3973 9512 2676 1722 2773 4968 8449 5558 7977 2302 6141 2626 4984 2819 9705 3796 5471 8891 2400 788 6157 6061 9343 8909 5193
73 4661 2163 1030 3505 182 1704 5794 2305 5128 3763 6445 462 593 3610 4030 5796 3225 4298 4566 4452 8154 2039 1610 9178 7462 5603 2924 2474 1214 2685 8752 7509 2165 5132 9923 4855 5443 8990 2658 2043 1161 8702 1780 6487 6939 370 9783 6314 8098 5469 7786 2605 3338 3691 8951 8905 6501 7101 732 3948 5582 8241 2537 497 4380 2544 8928 7004 5779 3808 7348 1635 6148
77 4616 6982 5467 1468 5889 915 8431 144 9042 9811 4926 421 2212 7957 289 5883 2359 6007 5079 8572 2908 4809 8581 8518 7693 2707 7671 1039 620 8325 2068 452 1564 2426 545 6434 3975 3314 7949 8826 3893 1352 8650 153 6904 5978 2821 4838 4740 4310 9776 5672 9929 7127 8496 9009 9578 1478 9402 8428 5358 8388 9905 149 4287 2203 1119 5907 1820 8916 6266 5928 119 8879 5320 9932 3595
66 2636 2517 7606 1691 3772 4507 4239 2469 4442 8204 6876 8954 5693 8933 173 7840 3604 2064 6331 8588 1792 4579 83 84 5694 9116 8337 9303 9414 782 213 8560 6147 4477 758 1173 9297 8758 583 9426 1336 7578 3615 8230 5034 1296 4211 5722 5684 8275 2669 7658 1318 7019 692 6201 4615 5805 2776 2907 5432 9968 9841 1990 5690 9418
79 7822 5325 6897 9850 9104 3471 8481 3324 2472 1560 2578 5460 8693 4286 5542 232 6779 8410 7526 6309 7960 3984 1836 4457 358 1693 5189 3362 1526 7082 1045 8907 292 5428 7589 5782 9010 9261 4417 6873 533 7033 2125 5622 5627 4570 9471 538 1741 923 7832 8379 6682 3788 7797 5858 3093 8361 6194 206 5992 7339 9433 932 5599 5521 4008 6325 3014 9542 9244 574 287 8151 869 8479 3531 6632 6575
67 395 3076 1425 6610 5197 6959 8797 8625 130 3518 2353 6278 8072 5714 971 6299 8365 6817 888 6750 6523 8477 9548 4293 7009 7941 3124 2577 8390 1642 125 9207 7702 5727 2300 9197 3129 6384 9419 9046 8900 7141 7168 6270 4269 1077 1703 7862 4971 8344 8427 9101 5575 2250 7683 3157 6415 453 8750 6028 637 1211 4923 9544 6546 711 3810
71 8407 7545 4066 2793 8227 191 6463 1862 8547 6910 9428 2126 1969 610 8746 3205 9485 6361 3745 2477 9006 9203 8466 2097 7091 3603 7531 9051 8604 5162 8345 6174 9824 8149 3175 7012 30 7171 7757 4756 8276 9169 5755 7353 1973 2229 2319 3031 2259 5605 8856 8452 6034 6605 4920 5902 4075 6465 9813 3998 121 7280 6308 5685 8918 8771 1345 3913 9192 1651 3767
71 9872 7229 3025 4878 5973 2418 2876 4717 1278 1124 5151 5436 167 606 513 6752 9133 4589 9994 8182 619 7419 7875 5350 7771 9728 911 5441 4985 3449 6915 2082 9959 1719 5114 3344 3370 494 5037 3805 1781 5236 5150 4202 6775 6788 7067 9234 1949 8467 8998 8126 5217 316 7799 7376 754 7618 2257 8002 9517 4682 4913 7029 6755 4353 3381 6680 8470 1868 470
69 6190 4246 5941 8952 3302 7894 2614 5333 5258 4629 9258 1441 4278 4486 1238 3556 6978 2289 550 2071 3229 9375 546 1329 1292 8861 6213 683 1467 5450 4918 3889 693 3525 9598 8242 3799 5248 3004 9671 8420 2026 9676 8303 8161 9965 7535 8091 9206 5710 6636 9539 2079 8088 3438 1716 7647 7521 480 4841 556 4422 5481 3106 3059 2155 900 1921 3227
73 2823 7047 6770 3128 1491 8851 7636 6117 460 2767 9268 8615 3347 589 6731 8754 7464 964 4950 6615 8441 5769 4900 7835 8944 332 9281 3402 8562 2610 7838 567 1962 4583 5808 2800 1358 4471 4148 4424 9292 5076 3814 7437 613 3046 7079 7684 5931 5061 9125 7571 9319 3270 9313 5715 6848 11 8838 8243 7052 8555 1287 6709 8100 5559 5926 321 2059 2493 3530 496 6246
71 5552 9764 8504 5149 1556 276 7922 5349 7699 3620 357 7147 4636 5 8368 3033 1243 3486 6409 3780 6553 4562 3678 3388 51 7815 8153 1395 6954 6098 2998 3011 2743 3700 7276 1171 6462 7763 1840 4693 9103 6649 1732 5038 6759 8271 2045 5853 4670 935 945 725 7017 7452 4912 3977 1443 7360 9022 5660 7125 8803 41 2904 5667 6161 8640 6240 265 6173 7540
74 1753 7855 9538 1348 6640 5113 4870 874 7724 3735 5826 2841 9761 6255 8421 7086 3114 9477 5759 3520 1657 6793 4880 2179 4174 9818 2735 1493 3553 2355 4179 4425 6143 3807 3393 4813 3894 7882 6448 6166 9617 1567 6078 2111 7248 5628 9174 248 3737 4604 4405 3428 2023 9105 4007 458 3206 6477 3626 7501 3257 2978 464 5402 7604 2275 3457 9687 9505 6404 7424 6952 1397 6090
70 6638 9440 5557 9417 551 89 5553 6234 8273 4156 1795 7773 7408 8756 7605 975 901 6230 5403 3813 5597 1647 4127 6582 223 8956 709 6388 8094 8963 6945 2759 4633 1830 1664 6048 6323 4051 2309 5989 5357 7635 9611 9911 5362 4554 3564 1438 5933 6290 5792 7197 2483 1546 4993 3848 9277 44 7923 1227 860 8953 7261 7843 1727 3769 7655 6088 7341 4131
69 8595 9561 6671 1734 8903 5938 7752 4006 9408 6102 6516 2147 1681 1276 5610 3949 4703 2591 7751 3904 6562 425 2601 8728 6037 878 1166 933 4565 527 1244 9158 7620 3390 9455 1771 4776 7615 7888 9387 386 255 4191 1623 4389 4653 1400 3445 4711 1284 3793 7254 1041 3673 1481 5316 695 5686 1347 2393 6916 6169 3663 8225 371 6542 3444 7559 2388
70 2652 5147 2550 6001 1196 4765 227 6890 6482 2399 3322 3306 8613 8471 5797 4942 675 43 5396 7748 5911 8904 6708 9056 9368 3035 353 6999 4689 8231 7157 6721 4420 5504 914 2348 3211 7172 9794 8498 2798 6334 8133 6494 2133 6120 2022 7582 7646 7685 4225 410 2471 3294 5221 6139 6569 3045 6745 5725 621 2514 378 9748 5591 6149 9431 3876 7577 9895
62 3233 6557 5944 6245 6093 7042 7552 8130 1597 1390 7249 2024 1994 147 2782 8968 4395 4454 5406 1609 4483 9254 4888 8358 6914 2891 2946 5282 5198 7682 9381 245 9666 9570 6492 8773 5205 1231 7563 8138 4301 3395 5620 9775 3307 1953 9652 942 9978 1470 7730 7991 2308 990 2119 3030 4940 2215 5991 5644 3952 4087
72 3902 1568 9718 7222 1956 5886 7394 3149 896 5298 9515 2201 7715 221 5052 1004 7878 3830 2027 2233 7468 6630 7135 5547 7727 9839 3191 7525 3453 4835 2877 3136 5993 1936 5581 1063 9430 6629 5982 4750 9893 3891 912 7510 7262 6736 3550 3077 6894 562 6641 4536 9649 9468 9374 5589 5286 8084 9667 9353 5110 3717 638 8165 4735 2487 8574 6639 362 4625 6051 7264
64 601 6227 8948 9868 8415 5476 6493 7798 7742 1267 2352 7621 7870 5125 1340 6295 793 4229 400 7876 7305 7776 9654 3982 3147 3819 7740 7043 7298 1145 8630 7199 5943 6698 6223 5447 7591 8804 6083 1480 7041 9088 9271 5414 5089 6158 284 7902 2374 6909 3426 4741 1951 8043 7770 516 3197 3962 3072 5489 5021 7854 7947 6835
66 8315 9246 3179 6497 8654 7115 2524 4909 8872 1178 375 9590 3049 7719 5925 9745 6738 3905 9554 670 5568 5059 2867 9412 4591 4316 8455 2842 909 5427 5093 5220 5346 2527 8373 8200 8996 1376 9981 9528 355 483 774 742 6987 7599 6831 1814 7145 1153 1628 3447 6911 2778 1580 7517 7413 6532 6667 2881 3101 6320 6564 4771 9941 6172
69 9742 5160 8669 159 6347 1437 416 9251 3867 5483 7323 6177 6922 8250 4304 35 6341 9565 760 800 4190 9798 5355 6344 7415 3313 569 7824 9821 6814 5661 2262 1650 986 6176 6253 2761 5606 8148 8926 982 4815 6204 52 9596 2975 6938 4924 7573 179 8692 1992 1696 9132 9225 3627 3542 5728 8032 3649 6533 6305 8060 4552 2380 4775 6663 2783 2518
70 9284 9445 6785 330 5185 69 8282 432 3 5713 3122 8651 2429 2642 9864 80 8292 8848 4004 4247 5700 7304 1360 532 5279 8294 8552 1919 2852 1176 3629 430 5761 8864 2171 8329 2006 5652 3939 1886 5174 4704 3327 2684 7961 7963 5923 9746 3935 579 7451 4810 1782 296 7252 3995 8393 8363 3943 79 4811 1967 1071 7837 9971 9161 3918 6598 7187 3818
71 9211 688 9498 9166 446 3679 1275 2640 3295 3907 5251 5726 738 9540 319 5587 4134 9186 7755 3887 5704 2320 6800 5501 7400 6460 1618 1371 7459 7549 3317 2903 4862 3152 2225 3657 4845 6924 263 1403 7585 4812 9896 3252 4464 3792 6297 707 6886 8229 6840 9569 186 8811 4705 485 3459 1449 9805 8979 1428 8272 3758 7772 6498 7399 7165 8114 9204 2338 2107
78 8090 9960 4662 523 2785 8850 5965 9930 9785 5263 2186 5940 9752 4933 605 6966 970 9407 3348 8873 1299 8349 9491 3777 4577 6015 3398 1256 3892 3273 4873 8801 2720 2606 924 6601 4218 5015 6006 2369 4332 1457 733 1057 9209 6403 6877 8587 9709 9626 6195 3089 9566 6870 6372 6067 2486 3053 2875 4449 7480 5120 6317 2491 3842 5173 8637 2709 641 796 2189 3349 3970 1928 5897 5204 4747 5738
73 7609 9157 4632 6595 4068 7219 6032 9836 2752 7790 4082 5126 792 8093 6128 7915 435 2613 3724 4413 2176 4997 9919 9593 9704 7785 334 6763 249 7321 1879 6892 2617 7058 5732 6362 6594 7499 2432 9525 325 2521 2754 2131 3569 9237 2515 154 5165 4245 6855 3221 9691 9063 1974 7523 1786 634 652 1765 9863 7107 8731 4518 4548 6371 8092 5361 7747 9802 9799 3143 4329
69 1466 4107 9447 9957 4797 9441 5917 2263 8745 3373 7416 1448 4165 9777 6766 4309 2838 7467 3625 2435 5401 4079 3320 1290 9526 6707 1023 8931 1920 1490 5840 1188 6836 2546 9355 254 3599 8497 6512 7813 4609 3276 9922 2460 4686 6896 7226 3966 2002 1362 8474 9536 8433 2884 7583 9082 2264 2718 9912 6159 2067 9573 2829 4791 9697 8715 3048 819 5255
